Log file open, 05/09/19 10:48:57
LogWindows: Failed to load 'aqProf.dll' (GetLastError=126)
LogWindows: File 'aqProf.dll' does not exist
LogWindows: Failed to load 'VtuneApi.dll' (GetLastError=126)
LogWindows: File 'VtuneApi.dll' does not exist
LogWindows: Failed to load 'VtuneApi32e.dll' (GetLastError=126)
LogWindows: File 'VtuneApi32e.dll' does not exist
LogInit: Display: Running engine for game: ElecSandTable
LogPlatformFile: Not using cached read wrapper
LogInit: Display: RandInit(1134008634) SRandInit(1134008634).
LogInit: Read version file with build ID '3944462'
LogInit: Overriding engine version to CL 4033788, compatible CL 3944462
LogInit: Registered custom module enumerator with build ID '3944462'
LogTaskGraph: Started task graph with 5 named threads and 23 total threads with 3 sets of task threads.
LogStats: Stats thread started at 0.254858
LogD3D11RHI: Aftermath initialized
LogICUInternationalization: Display: ICU TimeZone Detection - Raw Offset: +8:00, Platform Override: ''
LogPluginManager: Mounting plugin Paper2D
LogPluginManager: Mounting plugin LiveLink
LogPluginManager: Mounting plugin LightPropagationVolume
LogPluginManager: Mounting plugin CLionSourceCodeAccess
LogPluginManager: Mounting plugin CodeLiteSourceCodeAccess
LogPluginManager: Mounting plugin GitSourceControl
LogPluginManager: Mounting plugin KDevelopSourceCodeAccess
LogPluginManager: Mounting plugin NullSourceCodeAccess
LogPluginManager: Mounting plugin PerforceSourceControl
LogPluginManager: Mounting plugin SubversionSourceControl
LogPluginManager: Mounting plugin UObjectPlugin
LogPluginManager: Mounting plugin VisualStudioCodeSourceCodeAccess
LogPluginManager: Mounting plugin VisualStudioSourceCodeAccess
LogPluginManager: Mounting plugin XCodeSourceCodeAccess
LogPluginManager: Mounting plugin AssetManagerEditor
LogPluginManager: Mounting plugin CryptoKeys
LogPluginManager: Mounting plugin DataValidation
LogPluginManager: Mounting plugin FacialAnimation
LogPluginManager: Mounting plugin GameplayTagsEditor
LogPluginManager: Mounting plugin MobileLauncherProfileWizard
LogPluginManager: Mounting plugin PluginBrowser
LogPluginManager: Mounting plugin SpeedTreeImporter
LogPluginManager: Mounting plugin DatasmithContent
LogPluginManager: Mounting plugin AlembicImporter
LogPluginManager: Mounting plugin CharacterAI
LogPluginManager: Mounting plugin HTML5Networking
LogPluginManager: Mounting plugin AndroidMedia
LogPluginManager: Mounting plugin AvfMedia
LogPluginManager: Mounting plugin ImgMedia
LogPluginManager: Mounting plugin LinearTimecode
LogPluginManager: Mounting plugin MediaCompositing
LogPluginManager: Mounting plugin MediaPlayerEditor
LogPluginManager: Mounting plugin WmfMedia
LogPluginManager: Mounting plugin TcpMessaging
LogPluginManager: Mounting plugin UdpMessaging
LogPluginManager: Mounting plugin ActorSequence
LogPluginManager: Mounting plugin LevelSequenceEditor
LogPluginManager: Mounting plugin MatineeToLevelSequence
LogPluginManager: Mounting plugin NetcodeUnitTest
LogPluginManager: Mounting plugin NUTUnrealEngine4
LogPluginManager: Mounting plugin OnlineSubsystemGooglePlay
LogPluginManager: Mounting plugin OnlineSubsystemIOS
LogPluginManager: Mounting plugin OnlineSubsystem
LogPluginManager: Mounting plugin OnlineSubsystemNull
LogPluginManager: Mounting plugin OnlineSubsystemUtils
LogPluginManager: Mounting plugin AndroidDeviceProfileSelector
LogPluginManager: Mounting plugin AndroidMoviePlayer
LogPluginManager: Mounting plugin AndroidPermission
LogPluginManager: Mounting plugin AppleARKit
LogPluginManager: Mounting plugin AppleMoviePlayer
LogPluginManager: Mounting plugin ArchVisCharacter
LogPluginManager: Mounting plugin AudioCapture
LogPluginManager: Mounting plugin CableComponent
LogPluginManager: Mounting plugin CustomMeshComponent
LogPluginManager: Mounting plugin ExampleDeviceProfileSelector
LogPluginManager: Mounting plugin GoogleCloudMessaging
LogPluginManager: Mounting plugin ImmediatePhysics
LogPluginManager: Mounting plugin IOSDeviceProfileSelector
LogPluginManager: Mounting plugin LinuxDeviceProfileSelector
LogPluginManager: Mounting plugin LocationServicesBPLibrary
LogPluginManager: Mounting plugin MobilePatchingUtils
LogPluginManager: Mounting plugin OculusVR
LogPluginManager: Plugin shader directory ../../../Engine/Plugins/Runtime/Oculus/OculusVR/Shaders found
LogPluginManager: Mapping shader source directory ../../../Engine/Plugins/Runtime/Oculus/OculusVR/Shaders to virtual directory /Plugin/OculusVR
LogPluginManager: Mounting plugin PhysXVehicles
LogPluginManager: Mounting plugin ProceduralMeshComponent
LogPluginManager: Mounting plugin RuntimePhysXCooking
LogPluginManager: Mounting plugin SteamVR
LogPluginManager: Mounting plugin WindowsMoviePlayer
LogPluginManager: Mounting plugin WebSocket
LogStreaming: Display: Took  0.071s to configure plugins.
LogModuleManager: Display: Found up-to-date module file ../../../../../DXG/ElecSandTable/Binaries/Win64/UE4Editor-ElecSandTable.dll (API version 3944462).
LogModuleManager: Display: Found up-to-date module file ../../../Engine/Plugins/2D/Paper2D/Binaries/Win64/UE4Editor-Paper2D.dll (API version 3944462).
LogModuleManager: Display: Found up-to-date module file ../../../Engine/Plugins/2D/Paper2D/Binaries/Win64/UE4Editor-Paper2DEditor.dll (API version 3944462).
LogModuleManager: Display: Found up-to-date module file ../../../Engine/Plugins/2D/Paper2D/Binaries/Win64/UE4Editor-PaperSpriteSheetImporter.dll (API version 3944462).
LogModuleManager: Display: Found up-to-date module file ../../../Engine/Plugins/2D/Paper2D/Binaries/Win64/UE4Editor-PaperTiledImporter.dll (API version 3944462).
LogModuleManager: Display: Found up-to-date module file ../../../Engine/Plugins/2D/Paper2D/Binaries/Win64/UE4Editor-SmartSnapping.dll (API version 3944462).
LogModuleManager: Display: Found up-to-date module file ../../../Engine/Plugins/Animation/LiveLink/Binaries/Win64/UE4Editor-LiveLink.dll (API version 3944462).
LogModuleManager: Display: Found up-to-date module file ../../../Engine/Plugins/Animation/LiveLink/Binaries/Win64/UE4Editor-LiveLinkEditor.dll (API version 3944462).
LogModuleManager: Display: Found up-to-date module file ../../../Engine/Plugins/Blendables/LightPropagationVolume/Binaries/Win64/UE4Editor-LightPropagationVolumeRuntime.dll (API version 3944462).
LogModuleManager: Display: Found up-to-date module file ../../../Engine/Plugins/Blendables/LightPropagationVolume/Binaries/Win64/UE4Editor-LightPropagationVolumeEditor.dll (API version 3944462).
LogModuleManager: Display: Found up-to-date module file ../../../Engine/Plugins/Developer/CLionSourceCodeAccess/Binaries/Win64/UE4Editor-CLionSourceCodeAccess.dll (API version 3944462).
LogModuleManager: Display: Found up-to-date module file ../../../Engine/Plugins/Developer/GitSourceControl/Binaries/Win64/UE4Editor-GitSourceControl.dll (API version 3944462).
LogModuleManager: Display: Found up-to-date module file ../../../Engine/Plugins/Developer/PerforceSourceControl/Binaries/Win64/UE4Editor-PerforceSourceControl.dll (API version 3944462).
LogModuleManager: Display: Found up-to-date module file ../../../Engine/Plugins/Developer/SubversionSourceControl/Binaries/Win64/UE4Editor-SubversionSourceControl.dll (API version 3944462).
LogModuleManager: Display: Found up-to-date module file ../../../Engine/Plugins/Developer/UObjectPlugin/Binaries/Win64/UE4Editor-UObjectPlugin.dll (API version 3944462).
LogModuleManager: Display: Found up-to-date module file ../../../Engine/Plugins/Developer/VisualStudioCodeSourceCodeAccess/Binaries/Win64/UE4Editor-VisualStudioCodeSourceCodeAccess.dll (API version 3944462).
LogModuleManager: Display: Found up-to-date module file ../../../Engine/Plugins/Developer/VisualStudioSourceCodeAccess/Binaries/Win64/UE4Editor-VisualStudioSourceCodeAccess.dll (API version 3944462).
LogModuleManager: Display: Found up-to-date module file ../../../Engine/Plugins/Editor/AssetManagerEditor/Binaries/Win64/UE4Editor-AssetManagerEditor.dll (API version 3944462).
LogModuleManager: Display: Found up-to-date module file ../../../Engine/Plugins/Editor/CryptoKeys/Binaries/Win64/UE4Editor-CryptoKeys.dll (API version 3944462).
LogModuleManager: Display: Found up-to-date module file ../../../Engine/Plugins/Editor/CryptoKeys/Binaries/Win64/UE4Editor-CryptoKeysOpenSSL.dll (API version 3944462).
LogModuleManager: Display: Found up-to-date module file ../../../Engine/Plugins/Editor/DataValidation/Binaries/Win64/UE4Editor-DataValidation.dll (API version 3944462).
LogModuleManager: Display: Found up-to-date module file ../../../Engine/Plugins/Editor/FacialAnimation/Binaries/Win64/UE4Editor-FacialAnimation.dll (API version 3944462).
LogModuleManager: Display: Found up-to-date module file ../../../Engine/Plugins/Editor/FacialAnimation/Binaries/Win64/UE4Editor-FacialAnimationEditor.dll (API version 3944462).
LogModuleManager: Display: Found up-to-date module file ../../../Engine/Plugins/Editor/GameplayTagsEditor/Binaries/Win64/UE4Editor-GameplayTagsEditor.dll (API version 3944462).
LogModuleManager: Display: Found up-to-date module file ../../../Engine/Plugins/Editor/MobileLauncherProfileWizard/Binaries/Win64/UE4Editor-MobileLauncherProfileWizard.dll (API version 3944462).
LogModuleManager: Display: Found up-to-date module file ../../../Engine/Plugins/Editor/PluginBrowser/Binaries/Win64/UE4Editor-PluginBrowser.dll (API version 3944462).
LogModuleManager: Display: Found up-to-date module file ../../../Engine/Plugins/Editor/SpeedTreeImporter/Binaries/Win64/UE4Editor-SpeedTreeImporter.dll (API version 3944462).
LogModuleManager: Display: Found up-to-date module file ../../../Engine/Plugins/Enterprise/DatasmithContent/Binaries/Win64/UE4Editor-DatasmithContent.dll (API version 3944462).
LogModuleManager: Display: Found up-to-date module file ../../../Engine/Plugins/Experimental/AlembicImporter/Binaries/Win64/UE4Editor-AlembicImporter.dll (API version 3944462).
LogModuleManager: Display: Found up-to-date module file ../../../Engine/Plugins/Experimental/AlembicImporter/Binaries/Win64/UE4Editor-AlembicLibrary.dll (API version 3944462).
LogModuleManager: Display: Found up-to-date module file ../../../Engine/Plugins/Experimental/CharacterAI/Binaries/Win64/UE4Editor-CharacterAI.dll (API version 3944462).
LogModuleManager: Display: Found up-to-date module file ../../../Engine/Plugins/Experimental/HTML5Networking/Binaries/Win64/UE4Editor-HTML5Networking.dll (API version 3944462).
LogModuleManager: Display: Found up-to-date module file ../../../Engine/Plugins/Media/AndroidMedia/Binaries/Win64/UE4Editor-AndroidMediaEditor.dll (API version 3944462).
LogModuleManager: Display: Found up-to-date module file ../../../Engine/Plugins/Media/AndroidMedia/Binaries/Win64/UE4Editor-AndroidMediaFactory.dll (API version 3944462).
LogModuleManager: Display: Found up-to-date module file ../../../Engine/Plugins/Media/AvfMedia/Binaries/Win64/UE4Editor-AvfMediaEditor.dll (API version 3944462).
LogModuleManager: Display: Found up-to-date module file ../../../Engine/Plugins/Media/AvfMedia/Binaries/Win64/UE4Editor-AvfMediaFactory.dll (API version 3944462).
LogModuleManager: Display: Found up-to-date module file ../../../Engine/Plugins/Media/AvfMedia/Binaries/Win64/UE4Editor-AvfMediaFactory.dll (API version 3944462).
LogModuleManager: Display: Found up-to-date module file ../../../Engine/Plugins/Media/ImgMedia/Binaries/Win64/UE4Editor-ImgMedia.dll (API version 3944462).
LogModuleManager: Display: Found up-to-date module file ../../../Engine/Plugins/Media/ImgMedia/Binaries/Win64/UE4Editor-ImgMediaEditor.dll (API version 3944462).
LogModuleManager: Display: Found up-to-date module file ../../../Engine/Plugins/Media/ImgMedia/Binaries/Win64/UE4Editor-ImgMediaFactory.dll (API version 3944462).
LogModuleManager: Display: Found up-to-date module file ../../../Engine/Plugins/Media/ImgMedia/Binaries/Win64/UE4Editor-ImgMediaFactory.dll (API version 3944462).
LogModuleManager: Display: Found up-to-date module file ../../../Engine/Plugins/Media/ImgMedia/Binaries/Win64/UE4Editor-OpenExrWrapper.dll (API version 3944462).
LogModuleManager: Display: Found up-to-date module file ../../../Engine/Plugins/Media/LinearTimecode/Binaries/Win64/UE4Editor-LinearTimecode.dll (API version 3944462).
LogModuleManager: Display: Found up-to-date module file ../../../Engine/Plugins/Media/MediaCompositing/Binaries/Win64/UE4Editor-MediaCompositing.dll (API version 3944462).
LogModuleManager: Display: Found up-to-date module file ../../../Engine/Plugins/Media/MediaCompositing/Binaries/Win64/UE4Editor-MediaCompositingEditor.dll (API version 3944462).
LogModuleManager: Display: Found up-to-date module file ../../../Engine/Plugins/Media/MediaPlayerEditor/Binaries/Win64/UE4Editor-MediaPlayerEditor.dll (API version 3944462).
LogModuleManager: Display: Found up-to-date module file ../../../Engine/Plugins/Media/WmfMedia/Binaries/Win64/UE4Editor-WmfMedia.dll (API version 3944462).
LogModuleManager: Display: Found up-to-date module file ../../../Engine/Plugins/Media/WmfMedia/Binaries/Win64/UE4Editor-WmfMediaEditor.dll (API version 3944462).
LogModuleManager: Display: Found up-to-date module file ../../../Engine/Plugins/Media/WmfMedia/Binaries/Win64/UE4Editor-WmfMediaFactory.dll (API version 3944462).
LogModuleManager: Display: Found up-to-date module file ../../../Engine/Plugins/Media/WmfMedia/Binaries/Win64/UE4Editor-WmfMediaFactory.dll (API version 3944462).
LogModuleManager: Display: Found up-to-date module file ../../../Engine/Plugins/Messaging/TcpMessaging/Binaries/Win64/UE4Editor-TcpMessaging.dll (API version 3944462).
LogModuleManager: Display: Found up-to-date module file ../../../Engine/Plugins/Messaging/UdpMessaging/Binaries/Win64/UE4Editor-UdpMessaging.dll (API version 3944462).
LogModuleManager: Display: Found up-to-date module file ../../../Engine/Plugins/MovieScene/ActorSequence/Binaries/Win64/UE4Editor-ActorSequence.dll (API version 3944462).
LogModuleManager: Display: Found up-to-date module file ../../../Engine/Plugins/MovieScene/LevelSequenceEditor/Binaries/Win64/UE4Editor-LevelSequenceEditor.dll (API version 3944462).
LogModuleManager: Display: Found up-to-date module file ../../../Engine/Plugins/MovieScene/MatineeToLevelSequence/Binaries/Win64/UE4Editor-MatineeToLevelSequence.dll (API version 3944462).
LogModuleManager: Display: Found up-to-date module file ../../../Engine/Plugins/NetcodeUnitTest/NetcodeUnitTest/Binaries/Win64/UE4Editor-NetcodeUnitTest.dll (API version 3944462).
LogModuleManager: Display: Found up-to-date module file ../../../Engine/Plugins/NetcodeUnitTest/NUTUnrealEngine4/Binaries/Win64/UE4Editor-NUTUnrealEngine4.dll (API version 3944462).
LogModuleManager: Display: Found up-to-date module file ../../../Engine/Plugins/Online/OnlineSubsystem/Binaries/Win64/UE4Editor-OnlineSubsystem.dll (API version 3944462).
LogModuleManager: Display: Found up-to-date module file ../../../Engine/Plugins/Online/OnlineSubsystemNull/Binaries/Win64/UE4Editor-OnlineSubsystemNull.dll (API version 3944462).
LogModuleManager: Display: Found up-to-date module file ../../../Engine/Plugins/Online/OnlineSubsystemUtils/Binaries/Win64/UE4Editor-OnlineSubsystemUtils.dll (API version 3944462).
LogModuleManager: Display: Found up-to-date module file ../../../Engine/Plugins/Online/OnlineSubsystemUtils/Binaries/Win64/UE4Editor-OnlineBlueprintSupport.dll (API version 3944462).
LogModuleManager: Display: Found up-to-date module file ../../../Engine/Plugins/Runtime/AndroidDeviceProfileSelector/Binaries/Win64/UE4Editor-AndroidDeviceProfileSelector.dll (API version 3944462).
LogModuleManager: Display: Found up-to-date module file ../../../Engine/Plugins/Runtime/AndroidPermission/Binaries/Win64/UE4Editor-AndroidPermission.dll (API version 3944462).
LogModuleManager: Display: Found up-to-date module file ../../../Engine/Plugins/Runtime/AppleARKit/Binaries/Win64/UE4Editor-AppleARKit.dll (API version 3944462).
LogModuleManager: Display: Found up-to-date module file ../../../Engine/Plugins/Runtime/ArchVisCharacter/Binaries/Win64/UE4Editor-ArchVisCharacter.dll (API version 3944462).
LogModuleManager: Display: Found up-to-date module file ../../../Engine/Plugins/Runtime/AudioCapture/Binaries/Win64/UE4Editor-AudioCapture.dll (API version 3944462).
LogModuleManager: Display: Found up-to-date module file ../../../Engine/Plugins/Runtime/AudioCapture/Binaries/Win64/UE4Editor-AudioCaptureEditor.dll (API version 3944462).
LogModuleManager: Display: Found up-to-date module file ../../../Engine/Plugins/Runtime/CableComponent/Binaries/Win64/UE4Editor-CableComponent.dll (API version 3944462).
LogModuleManager: Display: Found up-to-date module file ../../../Engine/Plugins/Runtime/CustomMeshComponent/Binaries/Win64/UE4Editor-CustomMeshComponent.dll (API version 3944462).
LogModuleManager: Display: Found up-to-date module file ../../../Engine/Plugins/Runtime/ExampleDeviceProfileSelector/Binaries/Win64/UE4Editor-ExampleDeviceProfileSelector.dll (API version 3944462).
LogModuleManager: Display: Found up-to-date module file ../../../Engine/Plugins/Runtime/ImmediatePhysics/Binaries/Win64/UE4Editor-ImmediatePhysics.dll (API version 3944462).
LogModuleManager: Display: Found up-to-date module file ../../../Engine/Plugins/Runtime/ImmediatePhysics/Binaries/Win64/UE4Editor-ImmediatePhysicsEditor.dll (API version 3944462).
LogModuleManager: Display: Found up-to-date module file ../../../Engine/Plugins/Runtime/LocationServicesBPLibrary/Binaries/Win64/UE4Editor-LocationServicesBPLibrary.dll (API version 3944462).
LogModuleManager: Display: Found up-to-date module file ../../../Engine/Plugins/Runtime/MobilePatchingUtils/Binaries/Win64/UE4Editor-MobilePatchingUtils.dll (API version 3944462).
LogModuleManager: Display: Found up-to-date module file ../../../Engine/Plugins/Runtime/Oculus/OculusVR/Binaries/Win64/UE4Editor-OculusHMD.dll (API version 3944462).
LogModuleManager: Display: Found up-to-date module file ../../../Engine/Plugins/Runtime/Oculus/OculusVR/Binaries/Win64/UE4Editor-OculusInput.dll (API version 3944462).
LogModuleManager: Display: Found up-to-date module file ../../../Engine/Plugins/Runtime/Oculus/OculusVR/Binaries/Win64/UE4Editor-OculusEditor.dll (API version 3944462).
LogModuleManager: Display: Found up-to-date module file ../../../Engine/Plugins/Runtime/PhysXVehicles/Binaries/Win64/UE4Editor-PhysXVehicles.dll (API version 3944462).
LogModuleManager: Display: Found up-to-date module file ../../../Engine/Plugins/Runtime/PhysXVehicles/Binaries/Win64/UE4Editor-PhysXVehiclesEditor.dll (API version 3944462).
LogModuleManager: Display: Found up-to-date module file ../../../Engine/Plugins/Runtime/ProceduralMeshComponent/Binaries/Win64/UE4Editor-ProceduralMeshComponent.dll (API version 3944462).
LogModuleManager: Display: Found up-to-date module file ../../../Engine/Plugins/Runtime/ProceduralMeshComponent/Binaries/Win64/UE4Editor-ProceduralMeshComponentEditor.dll (API version 3944462).
LogModuleManager: Display: Found up-to-date module file ../../../Engine/Plugins/Runtime/RuntimePhysXCooking/Binaries/Win64/UE4Editor-RuntimePhysXCooking.dll (API version 3944462).
LogModuleManager: Display: Found up-to-date module file ../../../Engine/Plugins/Runtime/Steam/SteamVR/Binaries/Win64/UE4Editor-SteamVR.dll (API version 3944462).
LogModuleManager: Display: Found up-to-date module file ../../../Engine/Plugins/Runtime/Steam/SteamVR/Binaries/Win64/UE4Editor-SteamVRController.dll (API version 3944462).
LogModuleManager: Display: Found up-to-date module file ../../../Engine/Plugins/Runtime/WindowsMoviePlayer/Binaries/Win64/UE4Editor-WindowsMoviePlayer.dll (API version 3944462).
LogModuleManager: Display: Found up-to-date module file ../../../../../DXG/ElecSandTable/Plugins/WebSocket/Binaries/Win64/UE4Editor-WebSocket.dll (API version 3944462).
LogInit: Using libcurl 7.47.1
LogInit:  - built for x86_64-pc-win32
LogInit:  - supports SSL with OpenSSL/1.0.2g
LogInit:  - supports HTTP deflate (compression) using libz 1.2.8
LogInit:  - other features:
LogInit:      CURL_VERSION_SSL
LogInit:      CURL_VERSION_LIBZ
LogInit:      CURL_VERSION_IPV6
LogInit:      CURL_VERSION_ASYNCHDNS
LogInit:      CURL_VERSION_LARGEFILE
LogInit:      CURL_VERSION_IDN
LogInit:  CurlRequestOptions (configurable via config and command line):
LogInit:  - bVerifyPeer = false  - Libcurl will NOT verify peer certificate
LogInit:  - bUseHttpProxy = false  - Libcurl will NOT use HTTP proxy
LogInit:  - bDontReuseConnections = false  - Libcurl will reuse connections
LogInit:  - CertBundlePath = nullptr  - Libcurl will use whatever was configured at build time.
LogInit:  - MaxHostConnections = 16  - Libcurl will limit the number of connections to a host
LogInit:  - LocalHostAddr = Default
LogInit: WinSock: version 1.1 (2.2), MaxSocks=32767, MaxUdp=65467
LogInit: WinSock: I am FENG (192.168.0.112:0)
LogInit: Build: ++UE4+Release-4.19-CL-4033788
LogInit: Engine Version: 4.19.2-4033788+++UE4+Release-4.19
LogInit: Compatible Engine Version: 4.19.0-3944462+++UE4+Release-4.19
LogInit: Net CL: 3944462
LogDevObjectVersion: Number of dev versions registered: 18
LogDevObjectVersion:   Dev-Blueprints (B0D832E4-1F89-4F0D-ACCF-7EB736FD4AA2): 10
LogDevObjectVersion:   Dev-Build (E1C64328-A22C-4D53-A36C-8E866417BD8C): 0
LogDevObjectVersion:   Dev-Core (375EC13C-06E4-48FB-B500-84F0262A717E): 2
LogDevObjectVersion:   Dev-Editor (E4B068ED-F494-42E9-A231-DA0B2E46BB41): 23
LogDevObjectVersion:   Dev-Framework (CFFC743F-43B0-4480-9391-14DF171D2073): 33
LogDevObjectVersion:   Dev-Mobile (B02B49B5-BB20-44E9-A304-32B752E40360): 2
LogDevObjectVersion:   Dev-Networking (A4E4105C-59A1-49B5-A7C5-40C4547EDFEE): 0
LogDevObjectVersion:   Dev-Online (39C831C9-5AE6-47DC-9A44-9C173E1C8E7C): 0
LogDevObjectVersion:   Dev-Physics (78F01B33-EBEA-4F98-B9B4-84EACCB95AA2): 0
LogDevObjectVersion:   Dev-Platform (6631380F-2D4D-43E0-8009-CF276956A95A): 0
LogDevObjectVersion:   Dev-Rendering (12F88B9F-8875-4AFC-A67C-D90C383ABD29): 25
LogDevObjectVersion:   Dev-Sequencer (7B5AE74C-D270-4C10-A958-57980B212A5A): 6
LogDevObjectVersion:   Dev-VR (D7296918-1DD6-4BDD-9DE2-64A83CC13884): 1
LogDevObjectVersion:   Dev-LoadTimes (C2A15278-BFE7-4AFE-6C17-90FF531DF755): 1
LogDevObjectVersion:   Private-Geometry (6EACA3D4-40EC-4CC1-B786-8BED09428FC5): 2
LogDevObjectVersion:   Dev-AnimPhys (29E575DD-E0A3-4627-9D10-D276232CDCEA): 16
LogDevObjectVersion:   Dev-ReflectionCapture (6B266CEC-1EC7-4B8F-A30B-E4D90942FC07): 1
LogDevObjectVersion:   Dev-Automation (0DF73D61-A23F-47EA-B727-89E90C41499A): 1
LogInit: Compiled (64-bit): Apr 27 2018 02:06:57
LogInit: Compiled with Visual C++: 19.00.24215.01
LogInit: Build Configuration: Development
LogInit: Branch Name: ++UE4+Release-4.19
LogInit: Command Line:  
LogInit: Base Directory: E:/Epic Games Engines/UE_4.19/Engine/Binaries/Win64/
LogInit: Installed Engine Build: 1
LogStreaming: Display: Took  0.000s to delete old logs.
LogInit: Presizing for max 8388607 objects, including 0 objects not considered by GC, pre-allocating 0 bytes for permanent pool.
LogInit: Object subsystem initialized
[2019.05.09-02.49.00:928][  0]LogInit: Selected Device Profile: [Windows]
[2019.05.09-02.49.00:928][  0]LogInit: Applying CVar settings loaded from the selected device profile: [Windows]
[2019.05.09-02.49.00:996][  0]LogInit: Computer: FENG
[2019.05.09-02.49.00:996][  0]LogInit: User: Administrator
[2019.05.09-02.49.00:996][  0]LogInit: CPU Page size=4096, Cores=4
[2019.05.09-02.49.00:996][  0]LogInit: High frequency timer resolution =3.328320 MHz
[2019.05.09-02.49.00:997][  0]LogMemory: Memory total: Physical=16.0GB (16GB approx)
[2019.05.09-02.49.00:997][  0]LogMemory: Platform Memory Stats for Windows
[2019.05.09-02.49.00:997][  0]LogMemory: Process Physical Memory: 276.34 MB used, 276.34 MB peak
[2019.05.09-02.49.00:997][  0]LogMemory: Process Virtual Memory: 267.17 MB used, 267.17 MB peak
[2019.05.09-02.49.00:997][  0]LogMemory: Physical Memory: 7071.98 MB used,  9275.95 MB free, 16347.93 MB total
[2019.05.09-02.49.00:997][  0]LogMemory: Virtual Memory: 633.39 MB used,  9275.95 MB free, 8388608.00 MB total
[2019.05.09-02.49.01:841][  0]LogInit: Using OS detected language (zh-CN).
[2019.05.09-02.49.01:841][  0]LogInit: Using OS detected locale (zh-CN).
[2019.05.09-02.49.02:582][  0]LogStreaming: Display: Took  0.715s to EndInitTextLocalization.
[2019.05.09-02.49.02:602][  0]LogWindows: Failed to load 'shcore.dll' (GetLastError=126)
[2019.05.09-02.49.02:602][  0]LogWindows: File 'shcore.dll' does not exist
[2019.05.09-02.49.02:602][  0]LogInit: Setting process to DPI aware
[2019.05.09-02.49.02:794][  0]LogWindows: Failed to load 'shcore.dll' (GetLastError=126)
[2019.05.09-02.49.02:794][  0]LogWindows: File 'shcore.dll' does not exist
[2019.05.09-02.49.02:794][  0]LogInit: Setting process to DPI aware
[2019.05.09-02.49.03:186][  0]LogSlate: New Slate User Created.  User Index 0, Is Virtual User: 0
[2019.05.09-02.49.03:186][  0]LogSlate: Slate User Registered.  User Index 0, Is Virtual User: 0
[2019.05.09-02.49.03:760][  0]LogD3D11RHI: D3D11 adapters:
[2019.05.09-02.49.03:812][  0]LogD3D11RHI:    0. 'NVIDIA GeForce GTX 1060 3GB' (Feature Level 11_0)
[2019.05.09-02.49.03:812][  0]LogD3D11RHI:       2977/0/7917 MB DedicatedVideo/DedicatedSystem/SharedSystem, Outputs:2, VendorId:0x10de
[2019.05.09-02.49.03:812][  0]LogD3D11RHI: Chosen D3D11 Adapter: 0
[2019.05.09-02.49.03:817][  0]LogD3D11RHI: Creating new Direct3DDevice
[2019.05.09-02.49.03:817][  0]LogD3D11RHI:     GPU DeviceId: 0x1c02 (for the marketing name, search the web for "GPU Device Id")
[2019.05.09-02.49.03:817][  0]LogWindows: EnumDisplayDevices:
[2019.05.09-02.49.03:817][  0]LogWindows:    0. 'NVIDIA GeForce GTX 1060 3GB' (P:1 D:1)
[2019.05.09-02.49.03:818][  0]LogWindows:    1. 'NVIDIA GeForce GTX 1060 3GB' (P:0 D:1)
[2019.05.09-02.49.03:818][  0]LogWindows:    2. 'NVIDIA GeForce GTX 1060 3GB' (P:0 D:0)
[2019.05.09-02.49.03:818][  0]LogWindows:    3. 'NVIDIA GeForce GTX 1060 3GB' (P:0 D:0)
[2019.05.09-02.49.03:818][  0]LogWindows:    4. 'RDPDD Chained DD' (P:0 D:0)
[2019.05.09-02.49.03:818][  0]LogWindows:    5. 'RDP Encoder Mirror Driver' (P:0 D:0)
[2019.05.09-02.49.03:818][  0]LogWindows:    6. 'RDP Reflector Display Driver' (P:0 D:0)
[2019.05.09-02.49.03:819][  0]LogWindows: DebugString: GetVideoDriverDetailsInvalid PrimaryIsNotTheChoosenAdapter GetVideoDriverDetailsInvalid PrimaryIsNotTheChoosenAdapter GetVideoDriverDetailsInvalid PrimaryIsNotTheChoosenAdapter FoundDriverCount:4 
[2019.05.09-02.49.03:819][  0]LogD3D11RHI:     Adapter Name: NVIDIA GeForce GTX 1060 3GB
[2019.05.09-02.49.03:825][  0]LogD3D11RHI:   Driver Version: 398.36 (internal:24.21.13.9836, unified:398.36)
[2019.05.09-02.49.03:825][  0]LogD3D11RHI:      Driver Date: 6-24-2018
[2019.05.09-02.49.03:825][  0]LogRHI: Texture pool is 2084 MB (70% of 2977 MB)
[2019.05.09-02.49.03:883][  0]LogD3D11RHI: [Aftermath] Aftermath enabled and primed
[2019.05.09-02.49.03:883][  0]LogD3D11RHI: [Aftermath] Aftermath enabled and primed
[2019.05.09-02.49.03:883][  0]LogD3D11RHI: Async texture creation enabled
[2019.05.09-02.49.04:062][  0]LogD3D11RHI: GPU Timing Frequency: 1000.000000 (Debug: 2 1)
[2019.05.09-02.49.04:199][  0]LogShaderCompilers: Guid format shader working directory is 22 characters bigger than the processId version (../../../../../DXG/ElecSandTable/Intermediate/Shaders/WorkingDirectory/8148/).
[2019.05.09-02.49.04:209][  0]LogShaderCompilers: Cleaned the shader compiler working directory 'C:/Users/Administrator/AppData/Local/Temp/UnrealShaderWorkingDir/52B0A75F437EC80D8B537B8BDA9BAE2A/'.
[2019.05.09-02.49.04:699][  0]LogTemp: Display: Loaded TP AllDesktopTargetPlatform
[2019.05.09-02.49.04:718][  0]LogTemp: Display: Loaded TP MacClientTargetPlatform
[2019.05.09-02.49.04:735][  0]LogTemp: Display: Loaded TP MacNoEditorTargetPlatform
[2019.05.09-02.49.04:750][  0]LogTemp: Display: Loaded TP MacServerTargetPlatform
[2019.05.09-02.49.04:790][  0]LogTemp: Display: Loaded TP MacTargetPlatform
[2019.05.09-02.49.04:808][  0]LogTemp: Display: Loaded TP WindowsClientTargetPlatform
[2019.05.09-02.49.04:831][  0]LogTemp: Display: Loaded TP WindowsNoEditorTargetPlatform
[2019.05.09-02.49.04:848][  0]LogTemp: Display: Loaded TP WindowsServerTargetPlatform
[2019.05.09-02.49.04:871][  0]LogTemp: Display: Loaded TP WindowsTargetPlatform
[2019.05.09-02.49.04:908][  0]LogTemp: Display: Loaded TP Android_ASTCTargetPlatform
[2019.05.09-02.49.04:933][  0]LogTemp: Display: Loaded TP Android_ATCTargetPlatform
[2019.05.09-02.49.04:952][  0]LogTemp: Display: Loaded TP Android_DXTTargetPlatform
[2019.05.09-02.49.04:975][  0]LogTemp: Display: Loaded TP Android_ETC1aTargetPlatform
[2019.05.09-02.49.05:000][  0]LogTemp: Display: Loaded TP Android_ETC1TargetPlatform
[2019.05.09-02.49.05:024][  0]LogTemp: Display: Loaded TP Android_ETC2TargetPlatform
[2019.05.09-02.49.05:064][  0]LogTemp: Display: Loaded TP Android_MultiTargetPlatform
[2019.05.09-02.49.05:064][  0]LogTemp: Display: Loaded TP Android_PVRTCTargetPlatform
[2019.05.09-02.49.05:106][  0]LogTemp: Display: Loaded TP AndroidTargetPlatform
[2019.05.09-02.49.05:123][  0]LogTemp: Display: Loaded TP HTML5TargetPlatform
[2019.05.09-02.49.05:212][  0]LogTemp: Display: Loaded TP IOSTargetPlatform
[2019.05.09-02.49.05:237][  0]LogTemp: Display: Loaded TP TVOSTargetPlatform
[2019.05.09-02.49.05:251][  0]LogTemp: Display: Loaded TP LinuxClientTargetPlatform
[2019.05.09-02.49.05:270][  0]LogTemp: Display: Loaded TP LinuxNoEditorTargetPlatform
[2019.05.09-02.49.05:292][  0]LogTemp: Display: Loaded TP LinuxServerTargetPlatform
[2019.05.09-02.49.05:308][  0]LogTemp: Display: Loaded TP LinuxTargetPlatform
[2019.05.09-02.49.05:308][  0]LogTargetPlatformManager: Display: Building Assets For Windows
[2019.05.09-02.49.05:911][  0]LogXGEController: Cleaning working directory: C:/Users/Administrator/AppData/Local/Temp/UnrealXGEWorkingDir/
[2019.05.09-02.49.05:911][  0]LogXGEController: Cannot use XGE Controller as Incredibuild is not installed on this machine.
[2019.05.09-02.49.05:932][  0]LogShaderCompilers: Cannot use XGE Shader Compiler as Incredibuild is not installed on this machine.
[2019.05.09-02.49.05:932][  0]LogShaderCompilers: Display: Using Local Shader Compiler.
[2019.05.09-02.49.07:491][  0]LogDerivedDataCache: Display: Max Cache Size: 512 MB
[2019.05.09-02.49.07:818][  0]LogDerivedDataCache: Loaded boot cache 0.32s 96MB C:/Users/Administrator/AppData/Local/UnrealEngine/4.19/DerivedDataCache/Boot.ddc.
[2019.05.09-02.49.07:819][  0]LogDerivedDataCache: Display: Loaded Boot cache: C:/Users/Administrator/AppData/Local/UnrealEngine/4.19/DerivedDataCache/Boot.ddc
[2019.05.09-02.49.07:819][  0]LogDerivedDataCache: FDerivedDataBackendGraph:  Pak pak cache file ../../../../../DXG/ElecSandTable/DerivedDataCache/DDC.ddp not found, will not use a pak cache.
[2019.05.09-02.49.07:819][  0]LogDerivedDataCache: Unable to find inner node Pak for hierarchical cache Hierarchy.
[2019.05.09-02.49.07:819][  0]LogDerivedDataCache: FDerivedDataBackendGraph:  CompressedPak pak cache file ../../../../../DXG/ElecSandTable/DerivedDataCache/Compressed.ddp not found, will not use a pak cache.
[2019.05.09-02.49.07:819][  0]LogDerivedDataCache: Unable to find inner node CompressedPak for hierarchical cache Hierarchy.
[2019.05.09-02.49.07:878][  0]LogDerivedDataCache: Display: Pak cache opened for reading ../../../Engine/DerivedDataCache/Compressed.ddp.
[2019.05.09-02.49.07:890][  0]LogDerivedDataCache: Using Local data cache path ../../../../../DXG/ElecSandTable/DerivedDataCache: Writable
[2019.05.09-02.49.07:890][  0]LogDerivedDataCache: Shared data cache path not found in *engine.ini, will not use an Shared cache.
[2019.05.09-02.49.07:890][  0]LogDerivedDataCache: Unable to find inner node Shared for hierarchical cache Hierarchy.
[2019.05.09-02.49.07:920][  0]LogMaterial: Verifying Global Shaders for PCD3D_SM5
[2019.05.09-02.49.07:963][  0]LogSlate: Using Freetype 2.6.0
[2019.05.09-02.49.08:045][  0]LogSlate: SlateFontCache - WITH_FREETYPE: 1, WITH_HARFBUZZ: 1
[2019.05.09-02.49.08:045][  0]LogSlate: SlateFontCache - WITH_FREETYPE: 1, WITH_HARFBUZZ: 1
[2019.05.09-02.49.10:558][  0]LogAssetRegistry: FAssetRegistry took 0.0311 seconds to start up
[2019.05.09-02.49.13:873][  0]LogInit: Selected Device Profile: [Windows]
[2019.05.09-02.49.16:544][  0]LogSimplygon: Simplygon DLL not present - disabling.
[2019.05.09-02.49.16:575][  0]LogMeshReduction: Using SimplygonSwarm for distributed automatic mesh merging
[2019.05.09-02.49.16:576][  0]LogMeshReduction: Using QuadricMeshReduction for automatic static mesh reduction
[2019.05.09-02.49.16:576][  0]LogMeshReduction: No automatic skeletal mesh reduction module available
[2019.05.09-02.49.16:576][  0]LogMeshReduction: No automatic mesh merging module available
[2019.05.09-02.49.16:576][  0]LogMeshMerging: No automatic mesh merging module available
[2019.05.09-02.49.16:889][  0]LogNetVersion: ElecSandTable , NetCL: 3944462, EngineNetVer: 2, GameNetVer: 0 (Checksum: 3524339772)
[2019.05.09-02.49.19:889][  0]LogPackageLocalizationCache: Processed 10 localized package path(s) for 4 prioritized culture(s) in 0.160258 seconds
[2019.05.09-02.49.19:940][  0]LogUObjectArray: 36728 objects as part of root set at end of initial load.
[2019.05.09-02.49.19:940][  0]LogUObjectAllocator: 7314304 out of 0 bytes used by permanent object pool.
[2019.05.09-02.49.19:940][  0]LogUObjectArray: CloseDisregardForGC: 0/0 objects in disregard for GC pool
[2019.05.09-02.49.28:434][  0]LogTcpMessaging: Initializing TcpMessaging bridge
[2019.05.09-02.49.28:483][  0]LogUdpMessaging: Initializing bridge on interface 0.0.0.0:0 to multicast group 230.0.0.1:6666.
[2019.05.09-02.49.29:438][  0]SourceControl: 源码控制已禁用
[2019.05.09-02.49.29:438][  0]SourceControl: 源码控制已禁用
[2019.05.09-02.49.29:527][  0]SourceControl: 源码控制已禁用
[2019.05.09-02.49.29:561][  0]SourceControl: 源码控制已禁用
[2019.05.09-02.49.30:728][  0]LogAndroidPermission: UAndroidPermissionCallbackProxy::GetInstance
[2019.05.09-02.49.30:978][  0]LogOcInput: OculusInput pre-init called
[2019.05.09-02.49.31:428][  0]LogEngine: Initializing Engine...
[2019.05.09-02.49.31:765][  0]LogHMD: Failed to initialize OpenVR with code 126
[2019.05.09-02.49.31:829][  0]LogStats: UGameplayTagsManager::ConstructGameplayTagTree: Construct from data asset -  0.000 s
[2019.05.09-02.49.31:829][  0]LogStats: UGameplayTagsManager::ConstructGameplayTagTree: GameplayTagTreeChangedEvent.Broadcast -  0.000 s
[2019.05.09-02.49.35:229][  0]LogAIModule: Creating AISystem for world Untitled
[2019.05.09-02.49.35:650][  0]LogInit: XAudio2 using '扬声器 (Realtek High Definition Audio)' : 2 channels at 48 kHz using 32 bits per sample (channel mask 0x3)
[2019.05.09-02.49.35:689][  0]LogInit: FAudioDevice initialized.
[2019.05.09-02.49.35:777][  0]LogDerivedDataCache: Saved boot cache 0.09s 96MB C:/Users/Administrator/AppData/Local/UnrealEngine/4.19/DerivedDataCache/Boot.ddc.
[2019.05.09-02.49.35:811][  0]LogInit: Texture streaming: Enabled
[2019.05.09-02.49.36:186][  0]LogEngineSessionManager: EngineSessionManager initialized
[2019.05.09-02.49.36:186][  0]LogEngineSessionManager: EngineSessionManager sent abnormal shutdown report. Type=AbnormalShutdown, SessionId={08C7546A-4A85-4DA6-A310-59A1C2306EA3}
[2019.05.09-02.49.37:128][  0]LogInit: Transaction tracking system initialized
[2019.05.09-02.49.38:555][  0]BlueprintLog: New page: 编辑器加载
[2019.05.09-02.49.43:033][  0]LocalizationService: 本地化服务已被禁用
[2019.05.09-02.49.46:114][  0]LogConsoleResponse: Display: 
[2019.05.09-02.49.49:930][  0]LogFileCache: Scanning file cache for directory 'E:/DXG/ElecSandTable/Content/' took 0.01s
[2019.05.09-02.49.49:930][  0]LogCook: Display: Max memory allowance for cook 16384mb min free memory 0mb
[2019.05.09-02.49.49:930][  0]LogCook: Display: Mobile HDR setting 1
[2019.05.09-02.49.49:930][  0]LogGameplayTags: Display: UGameplayTagsManager::DoneAddingNativeTags. DelegateIsBound: 0
[2019.05.09-02.49.49:930][  0]LogStats: UGameplayTagsManager::ConstructGameplayTagTree: Construct from data asset -  0.000 s
[2019.05.09-02.49.49:930][  0]LogStats: UGameplayTagsManager::ConstructGameplayTagTree: GameplayTagTreeChangedEvent.Broadcast -  0.000 s
[2019.05.09-02.49.56:497][  0]SourceControl: 源码控制已禁用
[2019.05.09-02.49.56:626][  0]Cmd: MAP LOAD FILE="../../../Engine/Content/Maps/Templates/Template_Default.umap" TEMPLATE=1 SHOWPROGRESS=1 FEATURELEVEL=3
[2019.05.09-02.49.56:778][  0]LightingResults: New page: 光照构建
[2019.05.09-02.49.57:305][  0]MapCheck: New page: 地图检测
[2019.05.09-02.49.57:305][  0]LightingResults: New page: 光照构建
[2019.05.09-02.50.02:099][  0]LogAIModule: Creating AISystem for world Untitled_1
[2019.05.09-02.50.02:668][  0]LogEditorServer: Finished looking for orphan Actors (0.000 secs)
[2019.05.09-02.50.02:996][  0]Cmd: MAP CHECKDEP NOCLEARLOG
[2019.05.09-02.50.03:034][  0]MapCheck: 地图检测完成：0个错误，0 个警告，用时37.63毫秒完成。
[2019.05.09-02.50.03:034][  0]LogFileHelpers: Loading map 'Template_Default' took 6.456
[2019.05.09-02.50.06:272][  0]LogCollectionManager: Loaded 0 collections in 0.001785 seconds
[2019.05.09-02.50.06:886][  0]LogFileCache: Scanning file cache for directory 'E:/DXG/ElecSandTable/Saved/Collections/' took 0.01s
[2019.05.09-02.50.06:886][  0]LogFileCache: Scanning file cache for directory 'E:/DXG/ElecSandTable/Content/Developers/Administrator/Collections/' took 0.01s
[2019.05.09-02.50.06:886][  0]LogFileCache: Scanning file cache for directory 'E:/DXG/ElecSandTable/Content/Collections/' took 0.01s
[2019.05.09-02.50.06:886][  0]LogCollectionManager: Rebuilt the GUID cache for 0 collections in 0.000001 seconds
[2019.05.09-02.50.06:943][  0]LogContentBrowser: Native class hierarchy populated in 0.0559 seconds. Added 2459 classes and 565 folders.
[2019.05.09-02.50.07:383][  0]LogContentBrowser: Native class hierarchy updated for 'WidgetCarousel' in 0.0011 seconds. Added 0 classes and 0 folders.
[2019.05.09-02.50.09:453][  0]LogContentBrowser: Native class hierarchy updated for 'AddContentDialog' in 0.0010 seconds. Added 0 classes and 0 folders.
[2019.05.09-02.50.09:774][  0]LogContentBrowser: Native class hierarchy updated for 'SceneOutliner' in 0.0011 seconds. Added 1 classes and 2 folders.
[2019.05.09-02.50.13:857][  0]LogContentBrowser: Native class hierarchy updated for 'HierarchicalLODOutliner' in 0.0010 seconds. Added 0 classes and 0 folders.
[2019.05.09-02.50.13:858][  0]LogLoad: (Engine Initialization) Total time: 76.90 seconds
[2019.05.09-02.50.13:858][  0]LogLoad: (Engine Initialization) Total Blueprint compile time: 0.00 seconds
[2019.05.09-02.50.14:999][  0]LogContentStreaming: Texture pool size now 1000 MB
[2019.05.09-02.50.15:305][  0]LogSlate: Took 0.071601 seconds to synchronously load lazily loaded font '../../../Engine/Content/Slate/Fonts/Roboto-Regular.ttf' (155K)
[2019.05.09-02.50.15:865][  0]LogSlate: Took 0.559594 seconds to synchronously load lazily loaded font '../../../Engine/Content/Slate/Fonts/DroidSansFallback.ttf' (3848K)
[2019.05.09-02.50.15:924][  0]LogSlate: Took 0.058429 seconds to synchronously load lazily loaded font '../../../Engine/Content/Slate/Fonts/Roboto-Bold.ttf' (160K)
[2019.05.09-02.50.15:956][  0]LogSlate: Took 0.028623 seconds to synchronously load lazily loaded font '../../../Engine/Content/Editor/Slate/Fonts/FontAwesome.ttf' (139K)
[2019.05.09-02.50.17:272][  0]LogRenderer: Reallocating scene render targets to support 724x360 Format 10 NumSamples 1 (Frame:1).
[2019.05.09-02.50.17:272][  0]LogSlate: Took 0.027298 seconds to synchronously load lazily loaded font '../../../Engine/Content/Slate/Fonts/Roboto-Light.ttf' (167K)
[2019.05.09-02.50.17:605][  1]LogAssetRegistry: Asset discovery search completed in 67.0637 seconds
[2019.05.09-02.50.17:606][  1]LogCollectionManager: Rebuilt the object cache for 0 collections in 0.000000 seconds (found 0 objects)
[2019.05.09-02.50.17:606][  1]LogCollectionManager: Fixed up redirectors for 0 collections in 0.000045 seconds (updated 0 objects)
[2019.05.09-03.01.13:974][894]LogSlate: FSceneViewport::OnFocusLost() reason 2
[2019.05.09-03.01.17:462][282]LogUProjectInfo: Found projects:
[2019.05.09-03.01.17:474][282]LogSlate: FSceneViewport::OnFocusLost() reason 2
[2019.05.09-03.01.18:948][389]LogSlate: Window '打开项目' being destroyed
[2019.05.09-03.01.19:814][491]LogSlate: FSceneViewport::OnFocusLost() reason 2
[2019.05.09-03.01.21:180][643]LogSlate: Took 0.000249 seconds to synchronously load lazily loaded font '../../../Engine/Content/Slate/Fonts/Roboto-Light.ttf' (167K)
[2019.05.09-03.01.21:181][643]LogSlate: FSceneViewport::OnFocusLost() reason 2
[2019.05.09-03.01.21:272][643]LogSlate: FSceneViewport::OnFocusLost() reason 2
[2019.05.09-03.01.21:305][643]LogSlate: Took 0.028546 seconds to synchronously load lazily loaded font '../../../Engine/Content/Slate/Fonts/Roboto-BoldCondensed.ttf' (158K)
[2019.05.09-03.01.35:931][ 53]Running E:/Epic Games Engines/UE_4.19/Engine/Binaries/DotNET/UnrealBuildTool.exe  -projectfiles -project="E:/DXG/ElecSandTable/ElecSandTable.uproject" -game -rocket -progress
[2019.05.09-03.01.36:133][ 53]Discovering modules, targets and source code for project...
[2019.05.09-03.01.41:242][ 53]LogVSAccessor: Warning: Couldn't access Visual Studio
[2019.05.09-03.01.41:280][ 53]Candidate modules for hot reload:
[2019.05.09-03.01.41:280][ 53]  ElecSandTable
[2019.05.09-03.01.41:280][ 53]Launching UnrealBuildTool... [E:/Epic Games Engines/UE_4.19/Engine/Binaries/DotNET/UnrealBuildTool.exe ElecSandTable -ModuleWithSuffix=ElecSandTable,4381 Win64 Development -editorrecompile -canskiplink "E:/DXG/ElecSandTable/ElecSandTable.uproject" ]
[2019.05.09-03.01.56:316][ 53]CompilerResultsLog: New page: 编译- 2019年5月9日 下午7:01:56
[2019.05.09-03.01.56:316][ 53]CompilerResultsLog: Using 'git status' to determine working set for adaptive non-unity build.
[2019.05.09-03.01.56:316][ 53]CompilerResultsLog: Creating makefile for hot reloading ElecSandTable (changes to module files)
[2019.05.09-03.01.56:316][ 53]CompilerResultsLog: Compiling game modules for hot reload
[2019.05.09-03.01.56:316][ 53]CompilerResultsLog: Parsing headers for ElecSandTableEditor
[2019.05.09-03.01.56:316][ 53]CompilerResultsLog:   Running UnrealHeaderTool "E:\DXG\ElecSandTable\ElecSandTable.uproject" "E:\DXG\ElecSandTable\Intermediate\Build\Win64\ElecSandTableEditor\Development\ElecSandTableEditor.uhtmanifest" -LogCmds="loginit warning, logexit warning, logdatabase error" -Unattended -WarningsAsErrors -installed
[2019.05.09-03.01.56:316][ 53]CompilerResultsLog: Reflection code generated for ElecSandTableEditor in 7.6710652 seconds
[2019.05.09-03.01.56:316][ 53]CompilerResultsLog: Performing 6 actions (4 in parallel)
[2019.05.09-03.01.56:316][ 53]CompilerResultsLog: DataDocking.cpp
[2019.05.09-03.01.56:316][ 53]CompilerResultsLog: DataDocking.gen.cpp
[2019.05.09-03.01.56:316][ 53]CompilerResultsLog: ElecSandTable.init.gen.cpp
[2019.05.09-03.01.56:316][ 53]CompilerResultsLog: WholeMgr.cpp
[2019.05.09-03.01.56:316][ 53]CompilerResultsLog: [5/6] Link UE4Editor-ElecSandTable-4381.dll
[2019.05.09-03.01.56:316][ 53]CompilerResultsLog: [6/6] Link UE4Editor-ElecSandTable-4381.lib
[2019.05.09-03.01.56:316][ 53]CompilerResultsLog:   ???ڴ????? E:\DXG\ElecSandTable\Intermediate\Build\Win64\UE4Editor\Development\UE4Editor-ElecSandTable-4381.lib ?Ͷ??? E:\DXG\ElecSandTable\Intermediate\Build\Win64\UE4Editor\Development\UE4Editor-ElecSandTable-4381.exp
[2019.05.09-03.01.56:316][ 53]CompilerResultsLog:   ???ڴ????? E:\DXG\ElecSandTable\Intermediate\Build\Win64\UE4Editor\Development\UE4Editor-ElecSandTable-4381.suppressed.lib ?Ͷ??? E:\DXG\ElecSandTable\Intermediate\Build\Win64\UE4Editor\Development\UE4Editor-ElecSandTable-4381.suppressed.exp
[2019.05.09-03.01.56:316][ 53]CompilerResultsLog: Total build time: 14.86 seconds (Local executor: 3.12 seconds)
[2019.05.09-03.01.56:316][ 53]LogMainFrame: MainFrame: Module compiling took 15.074 seconds
[2019.05.09-03.01.56:327][ 53]LogClass: Could not find existing class DataDocking in package /Script/ElecSandTable for HotReload, assuming new class
[2019.05.09-03.01.56:327][ 53]LogClass: Function DataRequestFromServers is new.
[2019.05.09-03.01.56:330][ 53]LogHotReload: Re-instancing DataDocking after hot-reload.
[2019.05.09-03.01.56:417][ 53]LogContentBrowser: Native class hierarchy updated for 'ElecSandTable' in 0.0009 seconds. Added 2 classes and 4 folders.
[2019.05.09-03.01.56:418][ 53]Display: HotReload successful (0 functions remapped  0 scriptstructs remapped)
[2019.05.09-03.01.56:522][ 53]LogContentBrowser: Native class hierarchy populated in 0.0087 seconds. Added 2460 classes and 568 folders.
[2019.05.09-03.01.56:537][ 53]Display: HotReload took 15.3s.
[2019.05.09-03.01.56:540][ 53]Warning: HotReload operation took 15.3s.
[2019.05.09-03.01.56:571][ 53]LogSlate: Window '添加C++类' being destroyed
[2019.05.09-03.01.56:592][ 53]LogHotReload: New module detected: UE4Editor-ElecSandTable-4381.dll
[2019.05.09-03.01.56:634][ 54]LogHotReload: Starting Hot-Reload from IDE
[2019.05.09-03.01.56:644][ 54]LogSlate: FSceneViewport::OnFocusLost() reason 2
[2019.05.09-03.01.56:679][ 54]LogContentBrowser: Native class hierarchy updated for 'ElecSandTable' in 0.0009 seconds. Added 2 classes and 4 folders.
[2019.05.09-03.01.56:680][ 54]Display: HotReload successful (0 functions remapped  0 scriptstructs remapped)
[2019.05.09-03.01.56:705][ 54]LogContentBrowser: Native class hierarchy populated in 0.0114 seconds. Added 2460 classes and 568 folders.
[2019.05.09-03.01.56:714][ 54]Display: HotReload took  0.1s.
[2019.05.09-03.02.20:358][318]LogVSAccessor: Warning: Visual Studio is open but could not be queried - it may be blocked by a modal operation
[2019.05.09-03.02.21:606][319]LogSlate: FSceneViewport::OnFocusLost() reason 0
[2019.05.09-03.02.57:457][179]Running E:/Epic Games Engines/UE_4.19/Engine/Binaries/DotNET/UnrealBuildTool.exe ElecSandTable Win64 Development -editorrecompile "E:/DXG/ElecSandTable/ElecSandTable.uproject" -invalidatemakefilesonly
[2019.05.09-03.02.57:871][179]Invalidating makefiles only in this run.
[2019.05.09-03.02.57:997][179]LogVSAccessor: Warning: Couldn't save all documents
[2019.05.09-03.02.58:006][179]Candidate modules for hot reload:
[2019.05.09-03.02.58:006][179]  ElecSandTable
[2019.05.09-03.02.58:006][179]Launching UnrealBuildTool... [E:/Epic Games Engines/UE_4.19/Engine/Binaries/DotNET/UnrealBuildTool.exe ElecSandTable -ModuleWithSuffix=ElecSandTable,6276 Win64 Development -editorrecompile -canskiplink "E:/DXG/ElecSandTable/ElecSandTable.uproject" ]
[2019.05.09-03.03.03:656][179]CompilerResultsLog: New page: 编译- 2019年5月9日 下午7:03:03
[2019.05.09-03.03.03:656][179]CompilerResultsLog: Using 'git status' to determine working set for adaptive non-unity build.
[2019.05.09-03.03.03:656][179]CompilerResultsLog: Creating makefile for hot reloading ElecSandTable (no existing makefile)
[2019.05.09-03.03.03:656][179]CompilerResultsLog: Compiling game modules for hot reload
[2019.05.09-03.03.03:656][179]CompilerResultsLog: Performing 3 actions (4 in parallel)
[2019.05.09-03.03.03:656][179]CompilerResultsLog: WholeState.cpp
[2019.05.09-03.03.03:656][179]CompilerResultsLog: [2/3] Link UE4Editor-ElecSandTable-6276.dll
[2019.05.09-03.03.03:656][179]CompilerResultsLog: [3/3] Link UE4Editor-ElecSandTable-6276.lib
[2019.05.09-03.03.03:656][179]CompilerResultsLog:   ???ڴ????? E:\DXG\ElecSandTable\Intermediate\Build\Win64\UE4Editor\Development\UE4Editor-ElecSandTable-6276.lib ?Ͷ??? E:\DXG\ElecSandTable\Intermediate\Build\Win64\UE4Editor\Development\UE4Editor-ElecSandTable-6276.exp
[2019.05.09-03.03.03:656][179]CompilerResultsLog:   ???ڴ????? E:\DXG\ElecSandTable\Intermediate\Build\Win64\UE4Editor\Development\UE4Editor-ElecSandTable-6276.suppressed.lib ?Ͷ??? E:\DXG\ElecSandTable\Intermediate\Build\Win64\UE4Editor\Development\UE4Editor-ElecSandTable-6276.suppressed.exp
[2019.05.09-03.03.03:656][179]CompilerResultsLog: Total build time: 5.49 seconds (Local executor: 1.01 seconds)
[2019.05.09-03.03.03:656][179]LogMainFrame: MainFrame: Module compiling took 5.658 seconds
[2019.05.09-03.03.03:676][179]LogContentBrowser: Native class hierarchy updated for 'ElecSandTable' in 0.0013 seconds. Added 2 classes and 4 folders.
[2019.05.09-03.03.03:679][179]Display: HotReload successful (1 functions remapped  0 scriptstructs remapped)
[2019.05.09-03.03.03:720][179]LogContentBrowser: Native class hierarchy populated in 0.0098 seconds. Added 2460 classes and 568 folders.
[2019.05.09-03.03.03:720][179]Display: HotReload took  5.7s.
[2019.05.09-03.03.03:720][179]Warning: HotReload operation took  5.7s.
[2019.05.09-03.03.04:122][179]LogSlate: Window '添加C++类' being destroyed
[2019.05.09-03.03.04:129][179]LogHotReload: New module detected: UE4Editor-ElecSandTable-6276.dll
[2019.05.09-03.03.04:142][180]LogHotReload: Starting Hot-Reload from IDE
[2019.05.09-03.03.04:213][180]LogContentBrowser: Native class hierarchy updated for 'ElecSandTable' in 0.0012 seconds. Added 2 classes and 4 folders.
[2019.05.09-03.03.04:216][180]Display: HotReload successful (0 functions remapped  0 scriptstructs remapped)
[2019.05.09-03.03.04:240][180]LogContentBrowser: Native class hierarchy populated in 0.0091 seconds. Added 2460 classes and 568 folders.
[2019.05.09-03.03.04:247][180]Display: HotReload took  0.1s.
[2019.05.09-03.16.48:747][652]LogHotReload: New module detected: UE4Editor-ElecSandTable-5052.dll
[2019.05.09-03.16.49:092][654]LogHotReload: Starting Hot-Reload from IDE
[2019.05.09-03.16.49:156][654]LogContentBrowser: Native class hierarchy updated for 'ElecSandTable' in 0.0009 seconds. Added 2 classes and 4 folders.
[2019.05.09-03.16.49:157][654]Display: HotReload successful (1 functions remapped  0 scriptstructs remapped)
[2019.05.09-03.16.49:208][654]LogContentBrowser: Native class hierarchy populated in 0.0102 seconds. Added 2460 classes and 568 folders.
[2019.05.09-03.16.49:215][654]Display: HotReload took  0.1s.
[2019.05.09-03.30.48:133][169]LogHotReload: New module detected: UE4Editor-ElecSandTable-4511.dll
[2019.05.09-03.30.48:810][172]LogHotReload: Starting Hot-Reload from IDE
[2019.05.09-03.30.48:836][172]LogClass: Could not find existing class DataDocking in package /Script/ElecSandTable for HotReload, assuming new class
[2019.05.09-03.30.48:836][172]LogClass: Function DataRequestFromServers is new.
[2019.05.09-03.30.48:836][172]LogClass: Could not find existing class ElecSandTableGameModeBase in package /Script/ElecSandTable for HotReload, assuming new class
[2019.05.09-03.30.48:838][172]LogHotReload: Re-instancing DataDocking after hot-reload.
[2019.05.09-03.30.48:881][172]LogHotReload: Re-instancing ElecSandTableGameModeBase after hot-reload.
[2019.05.09-03.30.48:924][172]LogContentBrowser: Native class hierarchy updated for 'ElecSandTable' in 0.0009 seconds. Added 2 classes and 4 folders.
[2019.05.09-03.30.48:925][172]Display: HotReload successful (0 functions remapped  0 scriptstructs remapped)
[2019.05.09-03.30.48:950][172]LogContentBrowser: Native class hierarchy populated in 0.0111 seconds. Added 2460 classes and 568 folders.
[2019.05.09-03.30.48:958][172]Display: HotReload took  0.1s.
[2019.05.09-04.11.21:177][907]LogHotReload: New module detected: UE4Editor-ElecSandTable-2784.dll
[2019.05.09-04.11.21:854][910]LogHotReload: Starting Hot-Reload from IDE
[2019.05.09-04.11.21:882][910]LogContentBrowser: Native class hierarchy updated for 'ElecSandTable' in 0.0009 seconds. Added 2 classes and 4 folders.
[2019.05.09-04.11.21:883][910]Display: HotReload successful (1 functions remapped  0 scriptstructs remapped)
[2019.05.09-04.11.21:917][910]LogContentBrowser: Native class hierarchy populated in 0.0089 seconds. Added 2460 classes and 568 folders.
[2019.05.09-04.11.21:924][910]Display: HotReload took  0.1s.
[2019.05.09-08.05.06:096][973]LogHotReload: New module detected: UE4Editor-ElecSandTable-2198.dll
[2019.05.09-08.05.06:774][976]LogHotReload: Starting Hot-Reload from IDE
[2019.05.09-08.05.06:803][976]LogContentBrowser: Native class hierarchy updated for 'ElecSandTable' in 0.0009 seconds. Added 2 classes and 4 folders.
[2019.05.09-08.05.06:804][976]Display: HotReload successful (1 functions remapped  0 scriptstructs remapped)
[2019.05.09-08.05.06:844][976]LogContentBrowser: Native class hierarchy populated in 0.0096 seconds. Added 2460 classes and 568 folders.
[2019.05.09-08.05.06:851][976]Display: HotReload took  0.1s.
[2019.05.09-09.17.56:185][ 78]LogHotReload: New module detected: UE4Editor-ElecSandTable-4071.dll
[2019.05.09-09.17.56:862][ 81]LogHotReload: Starting Hot-Reload from IDE
[2019.05.09-09.17.56:889][ 81]LogClass: Could not find existing class DataDocking in package /Script/ElecSandTable for HotReload, assuming new class
[2019.05.09-09.17.56:889][ 81]LogClass: Function DataRequestFromServers is new.
[2019.05.09-09.17.56:892][ 81]LogHotReload: Re-instancing DataDocking after hot-reload.
[2019.05.09-09.17.56:928][ 81]LogContentBrowser: Native class hierarchy updated for 'ElecSandTable' in 0.0009 seconds. Added 2 classes and 4 folders.
[2019.05.09-09.17.56:929][ 81]Display: HotReload successful (0 functions remapped  0 scriptstructs remapped)
[2019.05.09-09.17.56:967][ 81]LogContentBrowser: Native class hierarchy populated in 0.0091 seconds. Added 2460 classes and 568 folders.
[2019.05.09-09.17.56:975][ 81]Display: HotReload took  0.1s.
[2019.05.09-09.22.27:969][893]LogHotReload: New module detected: UE4Editor-ElecSandTable-6137.dll
[2019.05.09-09.22.28:646][896]LogHotReload: Starting Hot-Reload from IDE
[2019.05.09-09.22.28:668][896]LogClass: Could not find existing type InitData for HotReload. Assuming new
[2019.05.09-09.22.28:670][896]LogContentBrowser: Native class hierarchy updated for 'ElecSandTable' in 0.0009 seconds. Added 2 classes and 4 folders.
[2019.05.09-09.22.28:671][896]Display: HotReload successful (1 functions remapped  1 scriptstructs remapped)
[2019.05.09-09.22.28:708][896]LogContentBrowser: Native class hierarchy populated in 0.0094 seconds. Added 2460 classes and 568 folders.
[2019.05.09-09.22.28:715][896]Display: HotReload took  0.1s.
[2019.05.09-09.22.37:303][921]LogHotReload: New module detected: UE4Editor-ElecSandTable-3593.dll
[2019.05.09-09.22.37:981][924]LogHotReload: Starting Hot-Reload from IDE
[2019.05.09-09.22.38:009][924]LogClass: InitData HotReload.
[2019.05.09-09.22.38:011][924]LogContentBrowser: Native class hierarchy updated for 'ElecSandTable' in 0.0009 seconds. Added 2 classes and 4 folders.
[2019.05.09-09.22.38:012][924]Display: HotReload successful (1 functions remapped  1 scriptstructs remapped)
[2019.05.09-09.22.38:052][924]LogContentBrowser: Native class hierarchy populated in 0.0086 seconds. Added 2460 classes and 568 folders.
[2019.05.09-09.22.38:057][924]Display: HotReload took  0.1s.
[2019.05.09-09.23.33:644][ 90]LogHotReload: New module detected: UE4Editor-ElecSandTable-9995.dll
[2019.05.09-09.23.33:988][ 92]LogHotReload: Starting Hot-Reload from IDE
[2019.05.09-09.23.34:014][ 92]LogClass: InitData HotReload.
[2019.05.09-09.23.34:016][ 92]LogContentBrowser: Native class hierarchy updated for 'ElecSandTable' in 0.0011 seconds. Added 2 classes and 4 folders.
[2019.05.09-09.23.34:017][ 92]Display: HotReload successful (1 functions remapped  1 scriptstructs remapped)
[2019.05.09-09.23.34:061][ 92]LogContentBrowser: Native class hierarchy populated in 0.0093 seconds. Added 2460 classes and 568 folders.
[2019.05.09-09.23.34:067][ 92]Display: HotReload took  0.1s.
[2019.05.09-09.23.54:495][552]LogSlate: Window 'ElecSandTable - 虚幻编辑器' being destroyed
[2019.05.09-09.23.54:713][553]Cmd: QUIT_EDITOR
[2019.05.09-09.23.54:845][553]LogSlate: Slate User Destroyed.  User Index 0, Is Virtual User: 0
[2019.05.09-09.23.54:851][553]LogExit: Preparing to exit.
[2019.05.09-09.23.55:599][553]LogDirectoryWatcher: A directory notification for 'E:/DXG/ElecSandTable/Content/' was aborted.
[2019.05.09-09.23.55:651][553]LogExit: Editor shut down
[2019.05.09-09.23.55:652][553]LogExit: Transaction tracking system shut down
[2019.05.09-09.23.55:751][553]LogDirectoryWatcher: A directory notification for '../../../Engine/Content/' was aborted.
[2019.05.09-09.23.55:751][553]LogDirectoryWatcher: A directory notification for '../../../../../DXG/ElecSandTable/Content/' was aborted.
[2019.05.09-09.23.55:751][553]LogDirectoryWatcher: A directory notification for '../../Plugins/2D/Paper2D/Content/' was aborted.
[2019.05.09-09.23.55:751][553]LogDirectoryWatcher: A directory notification for '../../Plugins/Enterprise/DatasmithContent/Content/' was aborted.
[2019.05.09-09.23.55:751][553]LogDirectoryWatcher: A directory notification for '../../Plugins/Media/MediaCompositing/Content/' was aborted.
[2019.05.09-09.23.55:751][553]LogDirectoryWatcher: A directory notification for '../../Plugins/Runtime/AppleARKit/Content/' was aborted.
[2019.05.09-09.23.55:751][553]LogDirectoryWatcher: A directory notification for '../../Plugins/Runtime/Oculus/OculusVR/Content/' was aborted.
[2019.05.09-09.23.55:751][553]LogDirectoryWatcher: A directory notification for '../../Plugins/Runtime/Steam/SteamVR/Content/' was aborted.
[2019.05.09-09.23.56:240][553]LogExit: Object subsystem successfully closed.
[2019.05.09-09.23.56:282][553]LogShaderCompilers: Display: Shaders left to compile 0
[2019.05.09-09.23.56:285][553]LogD3D11RHI: Shutdown
[2019.05.09-09.23.56:285][553]LogD3D11RHI: CleanupD3DDevice
[2019.05.09-09.23.56:286][553]LogD3D11RHI: ~FD3D11DynamicRHI
[2019.05.09-09.23.56:536][553]LogModuleManager: Shutting down and abandoning module ElecSandTable (592)
[2019.05.09-09.23.56:536][553]LogModuleManager: Shutting down and abandoning module HierarchicalLODOutliner (580)
[2019.05.09-09.23.56:536][553]LogModuleManager: Shutting down and abandoning module DesktopPlatform (578)
[2019.05.09-09.23.56:536][553]LogModuleManager: Shutting down and abandoning module SceneOutliner (576)
[2019.05.09-09.23.56:543][553]LogModuleManager: Shutting down and abandoning module AddContentDialog (574)
[2019.05.09-09.23.56:555][553]LogDirectoryWatcher: A directory notification for 'E:/Epic Games Engines/UE_4.19/FeaturePacks/' was aborted.
[2019.05.09-09.23.56:555][553]LogModuleManager: Shutting down and abandoning module WidgetCarousel (573)
[2019.05.09-09.23.56:555][553]LogModuleManager: Shutting down and abandoning module EditorWidgets (570)
[2019.05.09-09.23.56:555][553]LogModuleManager: Shutting down and abandoning module CollectionManager (568)
[2019.05.09-09.23.56:555][553]LogDirectoryWatcher: A directory notification for 'E:/DXG/ElecSandTable/Content/Collections/' was aborted.
[2019.05.09-09.23.56:555][553]LogDirectoryWatcher: A directory notification for 'E:/DXG/ElecSandTable/Content/Developers/Administrator/Collections/' was aborted.
[2019.05.09-09.23.56:555][553]LogDirectoryWatcher: A directory notification for 'E:/DXG/ElecSandTable/Saved/Collections/' was aborted.
[2019.05.09-09.23.56:555][553]LogModuleManager: Shutting down and abandoning module HierarchicalLODUtilities (566)
[2019.05.09-09.23.56:555][553]LogModuleManager: Shutting down and abandoning module StatsViewer (564)
[2019.05.09-09.23.56:555][553]LogModuleManager: Shutting down and abandoning module FoliageEdit (562)
[2019.05.09-09.23.56:555][553]LogModuleManager: Shutting down and abandoning module LandscapeEditor (560)
[2019.05.09-09.23.56:560][553]LogModuleManager: Shutting down and abandoning module MeshPaintMode (558)
[2019.05.09-09.23.56:560][553]LogModuleManager: Shutting down and abandoning module SceneDepthPickerMode (556)
[2019.05.09-09.23.56:560][553]LogModuleManager: Shutting down and abandoning module ActorPickerMode (554)
[2019.05.09-09.23.56:560][553]LogModuleManager: Shutting down and abandoning module GeometryMode (552)
[2019.05.09-09.23.56:560][553]LogModuleManager: Shutting down and abandoning module TextureAlignMode (550)
[2019.05.09-09.23.56:560][553]LogModuleManager: Shutting down and abandoning module BspMode (548)
[2019.05.09-09.23.56:560][553]LogModuleManager: Shutting down and abandoning module PIEPreviewDeviceProfileSelector (546)
[2019.05.09-09.23.56:560][553]LogModuleManager: Shutting down and abandoning module HardwareSurvey (544)
[2019.05.09-09.23.56:560][553]LogModuleManager: Shutting down and abandoning module SequenceRecorderSections (542)
[2019.05.09-09.23.56:560][553]LogModuleManager: Shutting down and abandoning module AutomationWorker (540)
[2019.05.09-09.23.56:560][553]LogModuleManager: Shutting down and abandoning module AudioCaptureEditor (538)
[2019.05.09-09.23.56:560][553]LogModuleManager: Shutting down and abandoning module SequenceRecorder (537)
[2019.05.09-09.23.56:560][553]LogModuleManager: Shutting down and abandoning module MatineeToLevelSequence (534)
[2019.05.09-09.23.56:560][553]LogModuleManager: Shutting down and abandoning module LevelSequenceEditor (532)
[2019.05.09-09.23.56:577][553]LogModuleManager: Shutting down and abandoning module PlacementMode (531)
[2019.05.09-09.23.56:577][553]LogModuleManager: Shutting down and abandoning module MaterialEditor (530)
[2019.05.09-09.23.56:608][553]LogModuleManager: Shutting down and abandoning module WmfMediaFactory (526)
[2019.05.09-09.23.56:608][553]LogModuleManager: Shutting down and abandoning module WmfMediaEditor (524)
[2019.05.09-09.23.56:608][553]LogModuleManager: Shutting down and abandoning module MediaPlayerEditor (522)
[2019.05.09-09.23.56:630][553]LogModuleManager: Shutting down and abandoning module OpenExrWrapper (520)
[2019.05.09-09.23.56:630][553]LogModuleManager: Shutting down and abandoning module ImgMediaFactory (518)
[2019.05.09-09.23.56:630][553]LogModuleManager: Shutting down and abandoning module ImgMediaEditor (516)
[2019.05.09-09.23.56:630][553]LogModuleManager: Shutting down and abandoning module AvfMediaFactory (514)
[2019.05.09-09.23.56:631][553]LogModuleManager: Shutting down and abandoning module AvfMediaEditor (512)
[2019.05.09-09.23.56:631][553]LogModuleManager: Shutting down and abandoning module AndroidMediaFactory (510)
[2019.05.09-09.23.56:631][553]LogModuleManager: Shutting down and abandoning module AndroidMediaEditor (508)
[2019.05.09-09.23.56:631][553]LogModuleManager: Shutting down and abandoning module CharacterAI (506)
[2019.05.09-09.23.56:631][553]LogModuleManager: Shutting down and abandoning module SmartSnapping (504)
[2019.05.09-09.23.56:631][553]LogModuleManager: Shutting down and abandoning module SessionServices (502)
[2019.05.09-09.23.56:631][553]LogModuleManager: Shutting down and abandoning module ViewportSnapping (500)
[2019.05.09-09.23.56:631][553]LogModuleManager: Shutting down and abandoning module ViewportInteraction (498)
[2019.05.09-09.23.56:631][553]LogModuleManager: Shutting down and abandoning module ClothPainter (496)
[2019.05.09-09.23.56:631][553]LogModuleManager: Shutting down and abandoning module SkeletalMeshEditor (495)
[2019.05.09-09.23.56:661][553]LogModuleManager: Shutting down and abandoning module LogVisualizer (492)
[2019.05.09-09.23.56:661][553]LogModuleManager: Shutting down and abandoning module IntroTutorials (490)
[2019.05.09-09.23.56:661][553]LogModuleManager: Shutting down and abandoning module GameProjectGeneration (489)
[2019.05.09-09.23.56:661][553]LogModuleManager: Shutting down and abandoning module IOSPlatformEditor (486)
[2019.05.09-09.23.56:662][553]LogModuleManager: Shutting down and abandoning module HTML5PlatformEditor (484)
[2019.05.09-09.23.56:662][553]LogModuleManager: Shutting down and abandoning module AndroidPlatformEditor (482)
[2019.05.09-09.23.56:662][553]LogModuleManager: Shutting down and abandoning module AndroidDeviceDetection (481)
[2019.05.09-09.23.57:092][553]LogModuleManager: Shutting down and abandoning module WindowsPlatformEditor (478)
[2019.05.09-09.23.57:092][553]LogModuleManager: Shutting down and abandoning module IOSRuntimeSettings (476)
[2019.05.09-09.23.57:092][553]LogModuleManager: Shutting down and abandoning module AndroidRuntimeSettings (474)
[2019.05.09-09.23.57:092][553]LogModuleManager: Shutting down and abandoning module InputBindingEditor (472)
[2019.05.09-09.23.57:092][553]LogModuleManager: Shutting down and abandoning module MergeActors (470)
[2019.05.09-09.23.57:112][553]LogModuleManager: Shutting down and abandoning module LocalizationDashboard (468)
[2019.05.09-09.23.57:116][553]LogModuleManager: Shutting down and abandoning module LocalizationService (467)
[2019.05.09-09.23.57:116][553]LogModuleManager: Shutting down and abandoning module HardwareTargeting (464)
[2019.05.09-09.23.57:116][553]LogModuleManager: Shutting down and abandoning module DeviceProfileEditor (462)
[2019.05.09-09.23.57:116][553]LogModuleManager: Shutting down and abandoning module UndoHistory (460)
[2019.05.09-09.23.57:116][553]LogModuleManager: Shutting down and abandoning module XmlParser (458)
[2019.05.09-09.23.57:116][553]LogModuleManager: Shutting down and abandoning module Blutility (456)
[2019.05.09-09.23.57:116][553]LogModuleManager: Shutting down and abandoning module ProjectSettingsViewer (454)
[2019.05.09-09.23.57:116][553]LogModuleManager: Shutting down and abandoning module ProjectTargetPlatformEditor (453)
[2019.05.09-09.23.57:116][553]LogModuleManager: Shutting down and abandoning module EditorSettingsViewer (450)
[2019.05.09-09.23.57:116][553]LogModuleManager: Shutting down and abandoning module SettingsEditor (448)
[2019.05.09-09.23.57:122][553]LogModuleManager: Shutting down and abandoning module ProjectLauncher (446)
[2019.05.09-09.23.57:131][553]LogModuleManager: Shutting down and abandoning module SessionFrontend (444)
[2019.05.09-09.23.57:131][553]LogModuleManager: Shutting down and abandoning module ProfilerClient (442)
[2019.05.09-09.23.57:141][553]LogModuleManager: Shutting down and abandoning module DeviceManager (440)
[2019.05.09-09.23.57:141][553]LogModuleManager: Shutting down and abandoning module TargetDeviceServices (439)
[2019.05.09-09.23.57:181][553]LogModuleManager: Shutting down and abandoning module AutomationController (436)
[2019.05.09-09.23.57:181][553]LogModuleManager: Shutting down and abandoning module AutomationWindow (434)
[2019.05.09-09.23.57:204][553]LogModuleManager: Shutting down and abandoning module Layers (432)
[2019.05.09-09.23.57:222][553]LogModuleManager: Shutting down and abandoning module ComponentVisualizers (430)
[2019.05.09-09.23.57:223][553]LogModuleManager: Shutting down and abandoning module DetailCustomizations (428)
[2019.05.09-09.23.57:223][553]LogModuleManager: Shutting down and abandoning module PackagesDialog (426)
[2019.05.09-09.23.57:229][553]LogModuleManager: Shutting down and abandoning module Persona (424)
[2019.05.09-09.23.57:237][553]LogModuleManager: Shutting down and abandoning module AdvancedPreviewScene (423)
[2019.05.09-09.23.57:237][553]LogModuleManager: Shutting down and abandoning module AnimGraph (421)
[2019.05.09-09.23.57:237][553]LogModuleManager: Shutting down and abandoning module Kismet (418)
[2019.05.09-09.23.57:238][553]LogModuleManager: Shutting down and abandoning module GraphEditor (416)
[2019.05.09-09.23.57:267][553]LogModuleManager: Shutting down and abandoning module ClassViewer (414)
[2019.05.09-09.23.57:269][553]LogModuleManager: Shutting down and abandoning module Toolbox (412)
[2019.05.09-09.23.57:269][553]LogModuleManager: Shutting down and abandoning module ModuleUI (410)
[2019.05.09-09.23.57:279][553]LogModuleManager: Shutting down and abandoning module MovieSceneTools (408)
[2019.05.09-09.23.57:279][553]LogModuleManager: Shutting down and abandoning module OutputLog (406)
[2019.05.09-09.23.57:289][553]LogModuleManager: Shutting down and abandoning module GammaUI (404)
[2019.05.09-09.23.57:297][553]LogModuleManager: Shutting down and abandoning module Documentation (402)
[2019.05.09-09.23.57:298][553]LogModuleManager: Shutting down and abandoning module MovieSceneTracks (400)
[2019.05.09-09.23.57:309][553]LogModuleManager: Shutting down and abandoning module MovieScene (398)
[2019.05.09-09.23.57:309][553]LogModuleManager: Shutting down and abandoning module StreamingPauseRendering (396)
[2019.05.09-09.23.57:309][553]LogModuleManager: Shutting down and abandoning module LauncherPlatform (394)
[2019.05.09-09.23.57:309][553]LogModuleManager: Shutting down and abandoning module AnalyticsET (392)
[2019.05.09-09.23.57:309][553]LogModuleManager: Shutting down and abandoning module PortalServices (390)
[2019.05.09-09.23.57:309][553]LogModuleManager: Shutting down and abandoning module PortalRpc (388)
[2019.05.09-09.23.57:309][553]LogModuleManager: Shutting down and abandoning module MessagingRpc (386)
[2019.05.09-09.23.57:309][553]LogModuleManager: Shutting down and abandoning module AIModule (384)
[2019.05.09-09.23.57:309][553]LogModuleManager: Shutting down and abandoning module GameplayDebugger (383)
[2019.05.09-09.23.57:309][553]LogModuleManager: Shutting down and abandoning module AITestSuite (381)
[2019.05.09-09.23.57:309][553]LogModuleManager: Shutting down and abandoning module ProfilerService (378)
[2019.05.09-09.23.57:386][553]LogModuleManager: Shutting down and abandoning module TaskGraph (376)
[2019.05.09-09.23.57:386][553]LogModuleManager: Shutting down and abandoning module WebSocket (374)
[2019.05.09-09.23.57:386][553]LogModuleManager: Shutting down and abandoning module SteamVRController (372)
[2019.05.09-09.23.57:386][553]LogModuleManager: Shutting down and abandoning module ProceduralMeshComponentEditor (370)
[2019.05.09-09.23.57:386][553]LogModuleManager: Shutting down and abandoning module ProceduralMeshComponent (368)
[2019.05.09-09.23.57:386][553]LogModuleManager: Shutting down and abandoning module OculusInput (366)
[2019.05.09-09.23.57:386][553]LogModuleManager: Shutting down and abandoning module MobilePatchingUtils (364)
[2019.05.09-09.23.57:386][553]LogModuleManager: Shutting down and abandoning module CustomMeshComponent (362)
[2019.05.09-09.23.57:386][553]LogModuleManager: Shutting down and abandoning module CableComponent (360)
[2019.05.09-09.23.57:386][553]LogModuleManager: Shutting down and abandoning module AudioCapture (358)
[2019.05.09-09.23.57:386][553]LogModuleManager: Shutting down and abandoning module ArchVisCharacter (356)
[2019.05.09-09.23.57:386][553]LogModuleManager: Shutting down and abandoning module AndroidPermission (354)
[2019.05.09-09.23.57:386][553]LogModuleManager: Shutting down and abandoning module NUTUnrealEngine4 (350)
[2019.05.09-09.23.57:386][553]LogModuleManager: Shutting down and abandoning module NetcodeUnitTest (348)
[2019.05.09-09.23.57:400][553]LogModuleManager: Shutting down and abandoning module MediaCompositingEditor (346)
[2019.05.09-09.23.57:400][553]LogModuleManager: Shutting down and abandoning module MediaCompositing (344)
[2019.05.09-09.23.57:400][553]LogModuleManager: Shutting down and abandoning module LinearTimecode (342)
[2019.05.09-09.23.57:400][553]LogModuleManager: Shutting down and abandoning module ImgMedia (340)
[2019.05.09-09.23.57:403][553]LogModuleManager: Shutting down and abandoning module HTML5Networking (338)
[2019.05.09-09.23.57:403][553]LogModuleManager: Shutting down and abandoning module AlembicImporter (336)
[2019.05.09-09.23.57:408][553]LogModuleManager: Shutting down and abandoning module AlembicLibrary (335)
[2019.05.09-09.23.57:408][553]LogModuleManager: Shutting down and abandoning module GeometryCache (334)
[2019.05.09-09.23.57:408][553]LogModuleManager: Shutting down and abandoning module GeometryCacheEd (333)
[2019.05.09-09.23.57:408][553]LogModuleManager: Shutting down and abandoning module DatasmithContent (328)
[2019.05.09-09.23.57:408][553]LogModuleManager: Shutting down and abandoning module SpeedTreeImporter (326)
[2019.05.09-09.23.57:408][553]LogModuleManager: Shutting down and abandoning module PluginBrowser (324)
[2019.05.09-09.23.57:415][553]LogModuleManager: Shutting down and abandoning module MobileLauncherProfileWizard (322)
[2019.05.09-09.23.57:426][553]LogModuleManager: Shutting down and abandoning module CryptoKeysOpenSSL (320)
[2019.05.09-09.23.57:426][553]LogModuleManager: Shutting down and abandoning module CryptoKeys (318)
[2019.05.09-09.23.57:426][553]LogModuleManager: Shutting down and abandoning module VisualStudioSourceCodeAccess (316)
[2019.05.09-09.23.57:426][553]LogModuleManager: Shutting down and abandoning module VisualStudioCodeSourceCodeAccess (314)
[2019.05.09-09.23.57:426][553]LogModuleManager: Shutting down and abandoning module UObjectPlugin (312)
[2019.05.09-09.23.57:426][553]LogModuleManager: Shutting down and abandoning module SubversionSourceControl (310)
[2019.05.09-09.23.57:426][553]LogModuleManager: Shutting down and abandoning module PerforceSourceControl (308)
[2019.05.09-09.23.57:426][553]LogModuleManager: Shutting down and abandoning module GitSourceControl (306)
[2019.05.09-09.23.57:426][553]LogModuleManager: Shutting down and abandoning module SourceControl (305)
[2019.05.09-09.23.57:426][553]LogModuleManager: Shutting down and abandoning module CLionSourceCodeAccess (302)
[2019.05.09-09.23.57:426][553]LogModuleManager: Shutting down and abandoning module LightPropagationVolumeEditor (300)
[2019.05.09-09.23.57:426][553]LogModuleManager: Shutting down and abandoning module PaperTiledImporter (298)
[2019.05.09-09.23.57:426][553]LogModuleManager: Shutting down and abandoning module PaperSpriteSheetImporter (296)
[2019.05.09-09.23.57:426][553]LogModuleManager: Shutting down and abandoning module Paper2DEditor (294)
[2019.05.09-09.23.57:433][553]LogModuleManager: Shutting down and abandoning module MeshPaint (293)
[2019.05.09-09.23.57:433][553]LogModuleManager: Shutting down and abandoning module RuntimePhysXCooking (288)
[2019.05.09-09.23.57:433][553]LogModuleManager: Shutting down and abandoning module PhysXVehiclesEditor (286)
[2019.05.09-09.23.57:433][553]LogModuleManager: Shutting down and abandoning module PhysXVehicles (284)
[2019.05.09-09.23.57:433][553]LogModuleManager: Shutting down and abandoning module OculusEditor (282)
[2019.05.09-09.23.57:433][553]LogModuleManager: Shutting down and abandoning module LocationServicesBPLibrary (280)
[2019.05.09-09.23.57:433][553]LogModuleManager: Shutting down and abandoning module ImmediatePhysicsEditor (278)
[2019.05.09-09.23.57:433][553]LogModuleManager: Shutting down and abandoning module ImmediatePhysics (276)
[2019.05.09-09.23.57:433][553]LogModuleManager: Shutting down and abandoning module ActorSequence (274)
[2019.05.09-09.23.57:433][553]LogModuleManager: Shutting down and abandoning module UdpMessaging (272)
[2019.05.09-09.23.57:533][553]LogModuleManager: Shutting down and abandoning module TcpMessaging (270)
[2019.05.09-09.23.57:633][553]LogModuleManager: Shutting down and abandoning module GameplayTagsEditor (268)
[2019.05.09-09.23.57:651][553]LogModuleManager: Shutting down and abandoning module FacialAnimationEditor (266)
[2019.05.09-09.23.57:651][553]LogModuleManager: Shutting down and abandoning module FacialAnimation (264)
[2019.05.09-09.23.57:651][553]LogModuleManager: Shutting down and abandoning module DataValidation (262)
[2019.05.09-09.23.57:651][553]LogModuleManager: Shutting down and abandoning module AssetManagerEditor (260)
[2019.05.09-09.23.57:657][553]LogModuleManager: Shutting down and abandoning module LevelEditor (259)
[2019.05.09-09.23.57:658][553]LogModuleManager: Shutting down and abandoning module PixelInspectorModule (258)
[2019.05.09-09.23.57:658][553]LogModuleManager: Shutting down and abandoning module CommonMenuExtensions (256)
[2019.05.09-09.23.57:658][553]LogModuleManager: Shutting down and abandoning module MainFrame (254)
[2019.05.09-09.23.57:659][553]LogModuleManager: Shutting down and abandoning module HotReload (253)
[2019.05.09-09.23.57:659][553]LogDirectoryWatcher: A directory notification for 'E:/DXG/ElecSandTable/Binaries/Win64' was aborted.
[2019.05.09-09.23.57:659][553]LogDirectoryWatcher: A directory notification for 'E:/DXG/ElecSandTable/Plugins/WebSocket/Binaries/Win64' was aborted.
[2019.05.09-09.23.57:659][553]LogModuleManager: Shutting down and abandoning module ContentBrowser (249)
[2019.05.09-09.23.57:660][553]LogModuleManager: Shutting down and abandoning module TreeMap (247)
[2019.05.09-09.23.57:660][553]LogModuleManager: Shutting down and abandoning module LightPropagationVolumeRuntime (244)
[2019.05.09-09.23.57:660][553]LogModuleManager: Shutting down and abandoning module LiveLinkEditor (242)
[2019.05.09-09.23.57:660][553]LogModuleManager: Shutting down and abandoning module LiveLink (240)
[2019.05.09-09.23.57:732][553]LogModuleManager: Shutting down and abandoning module Paper2D (238)
[2019.05.09-09.23.57:732][553]LogModuleManager: Shutting down and abandoning module WindowsMoviePlayer (236)
[2019.05.09-09.23.57:732][553]LogModuleManager: Shutting down and abandoning module WmfMedia (234)
[2019.05.09-09.23.57:744][553]LogModuleManager: Shutting down and abandoning module Media (233)
[2019.05.09-09.23.57:749][553]LogModuleManager: Shutting down and abandoning module PacketHandler (230)
[2019.05.09-09.23.57:749][553]LogModuleManager: Shutting down and abandoning module ClothingSystemEditor (228)
[2019.05.09-09.23.57:749][553]LogModuleManager: Shutting down and abandoning module ClothingSystemRuntime (226)
[2019.05.09-09.23.57:772][553]LogModuleManager: Shutting down and abandoning module MediaAssets (224)
[2019.05.09-09.23.57:772][553]LogModuleManager: Shutting down and abandoning module Overlay (222)
[2019.05.09-09.23.57:772][553]LogModuleManager: Shutting down and abandoning module OverlayEditor (221)
[2019.05.09-09.23.57:772][553]LogModuleManager: Shutting down and abandoning module VREditor (218)
[2019.05.09-09.23.57:788][553]LogModuleManager: Shutting down and abandoning module StringTableEditor (216)
[2019.05.09-09.23.57:788][553]LogModuleManager: Shutting down and abandoning module GameplayTasksEditor (214)
[2019.05.09-09.23.57:788][553]LogModuleManager: Shutting down and abandoning module BehaviorTreeEditor (212)
[2019.05.09-09.23.57:799][553]LogModuleManager: Shutting down and abandoning module FunctionalTesting (210)
[2019.05.09-09.23.57:799][553]LogModuleManager: Shutting down and abandoning module CollisionAnalyzer (208)
[2019.05.09-09.23.57:799][553]LogModuleManager: Shutting down and abandoning module WorkspaceMenuStructure (207)
[2019.05.09-09.23.57:799][553]LogModuleManager: Shutting down and abandoning module UMG (204)
[2019.05.09-09.23.57:799][553]LogModuleManager: Shutting down and abandoning module UMGEditor (203)
[2019.05.09-09.23.57:832][553]LogModuleManager: Shutting down and abandoning module Sequencer (202)
[2019.05.09-09.23.57:839][553]LogModuleManager: Shutting down and abandoning module MessageLog (199)
[2019.05.09-09.23.57:839][553]LogModuleManager: Shutting down and abandoning module SlateReflector (194)
[2019.05.09-09.23.57:859][553]LogModuleManager: Shutting down and abandoning module Slate (192)
[2019.05.09-09.23.57:859][553]LogModuleManager: Shutting down and abandoning module EditorStyle (190)
[2019.05.09-09.23.57:860][553]LogModuleManager: Shutting down and abandoning module MRMesh (188)
[2019.05.09-09.23.57:860][553]LogModuleManager: Shutting down and abandoning module SourceCodeAccess (186)
[2019.05.09-09.23.57:861][553]LogModuleManager: Shutting down and abandoning module HeadMountedDisplay (184)
[2019.05.09-09.23.57:861][553]LogModuleManager: Shutting down and abandoning module XAudio2 (182)
[2019.05.09-09.23.57:861][553]LogModuleManager: Shutting down and abandoning module Networking (180)
[2019.05.09-09.23.57:861][553]LogModuleManager: Shutting down and abandoning module Core (178)
[2019.05.09-09.23.57:861][553]LogModuleManager: Shutting down and abandoning module LevelSequence (176)
[2019.05.09-09.23.57:861][553]LogModuleManager: Shutting down and abandoning module KismetCompiler (174)
[2019.05.09-09.23.57:861][553]LogModuleManager: Shutting down and abandoning module MeshUtilities (172)
[2019.05.09-09.23.57:867][553]LogModuleManager: Shutting down and abandoning module MeshMergeUtilities (171)
[2019.05.09-09.23.57:867][553]LogModuleManager: Shutting down and abandoning module MeshReductionInterface (170)
[2019.05.09-09.23.57:867][553]LogModuleManager: Shutting down and abandoning module SimplygonSwarm (169)
[2019.05.09-09.23.57:867][553]LogModuleManager: Shutting down and abandoning module SimplygonMeshReduction (167)
[2019.05.09-09.23.57:867][553]LogModuleManager: Shutting down and abandoning module QuadricMeshReduction (165)
[2019.05.09-09.23.57:867][553]LogModuleManager: Shutting down and abandoning module MaterialBaking (161)
[2019.05.09-09.23.57:867][553]LogModuleManager: Shutting down and abandoning module DirectoryWatcher (157)
[2019.05.09-09.23.57:867][553]LogModuleManager: Shutting down and abandoning module DerivedDataCache (154)
[2019.05.09-09.23.57:886][553]LogDerivedDataCache: Shutdown
[2019.05.09-09.23.57:886][553]LogModuleManager: Shutting down and abandoning module XGEController (152)
[2019.05.09-09.23.57:886][553]LogXGEController: Cleaning working directory: C:/Users/Administrator/AppData/Local/Temp/UnrealXGEWorkingDir/
[2019.05.09-09.23.57:887][553]LogModuleManager: Shutting down and abandoning module TargetPlatform (150)
[2019.05.09-09.23.57:887][553]LogModuleManager: Shutting down and abandoning module VulkanShaderFormat (149)
[2019.05.09-09.23.57:887][553]LogModuleManager: Shutting down and abandoning module ShaderFormatVectorVM (147)
[2019.05.09-09.23.57:894][553]LogModuleManager: Shutting down and abandoning module ShaderFormatOpenGL (145)
[2019.05.09-09.23.57:904][553]LogModuleManager: Shutting down and abandoning module ShaderFormatD3D (143)
[2019.05.09-09.23.57:904][553]LogModuleManager: Shutting down and abandoning module MetalShaderFormat (141)
[2019.05.09-09.23.57:912][553]LogModuleManager: Shutting down and abandoning module TextureFormatUncompressed (139)
[2019.05.09-09.23.57:912][553]LogModuleManager: Shutting down and abandoning module TextureFormatPVR (137)
[2019.05.09-09.23.57:912][553]LogModuleManager: Shutting down and abandoning module TextureFormatDXT (135)
[2019.05.09-09.23.57:912][553]LogModuleManager: Shutting down and abandoning module TextureFormatIntelISPCTexComp (133)
[2019.05.09-09.23.57:912][553]LogModuleManager: Shutting down and abandoning module TextureFormatASTC (131)
[2019.05.09-09.23.57:912][553]LogModuleManager: Shutting down and abandoning module ImageWrapper (130)
[2019.05.09-09.23.57:912][553]LogModuleManager: Shutting down and abandoning module TextureFormatAndroid (127)
[2019.05.09-09.23.57:912][553]LogModuleManager: Shutting down and abandoning module AudioFormatOpus (125)
[2019.05.09-09.23.57:912][553]LogModuleManager: Shutting down and abandoning module AudioFormatOgg (123)
[2019.05.09-09.23.57:912][553]LogModuleManager: Shutting down and abandoning module AudioFormatADPCM (121)
[2019.05.09-09.23.57:912][553]LogModuleManager: Shutting down and abandoning module LinuxTargetPlatform (119)
[2019.05.09-09.23.57:912][553]LogModuleManager: Shutting down and abandoning module LinuxServerTargetPlatform (117)
[2019.05.09-09.23.57:912][553]LogModuleManager: Shutting down and abandoning module LinuxNoEditorTargetPlatform (115)
[2019.05.09-09.23.57:912][553]LogModuleManager: Shutting down and abandoning module LinuxClientTargetPlatform (113)
[2019.05.09-09.23.57:912][553]LogModuleManager: Shutting down and abandoning module TVOSTargetPlatform (111)
[2019.05.09-09.23.57:912][553]LogModuleManager: Shutting down and abandoning module Messaging (109)
[2019.05.09-09.23.57:912][553]LogModuleManager: Shutting down and abandoning module IOSTargetPlatform (107)
[2019.05.09-09.23.57:912][553]LogModuleManager: Shutting down and abandoning module HTML5TargetPlatform (105)
[2019.05.09-09.23.57:912][553]LogModuleManager: Shutting down and abandoning module AndroidTargetPlatform (103)
[2019.05.09-09.23.57:912][553]LogModuleManager: Shutting down and abandoning module Android_PVRTCTargetPlatform (101)
[2019.05.09-09.23.57:912][553]LogModuleManager: Shutting down and abandoning module Android_MultiTargetPlatform (99)
[2019.05.09-09.23.57:912][553]LogModuleManager: Shutting down and abandoning module Android_ETC2TargetPlatform (97)
[2019.05.09-09.23.57:912][553]LogModuleManager: Shutting down and abandoning module Android_ETC1TargetPlatform (95)
[2019.05.09-09.23.57:912][553]LogModuleManager: Shutting down and abandoning module Android_ETC1aTargetPlatform (93)
[2019.05.09-09.23.57:912][553]LogModuleManager: Shutting down and abandoning module Android_DXTTargetPlatform (91)
[2019.05.09-09.23.57:912][553]LogModuleManager: Shutting down and abandoning module Android_ATCTargetPlatform (89)
[2019.05.09-09.23.57:912][553]LogModuleManager: Shutting down and abandoning module Android_ASTCTargetPlatform (87)
[2019.05.09-09.23.57:912][553]LogModuleManager: Shutting down and abandoning module WindowsTargetPlatform (85)
[2019.05.09-09.23.57:912][553]LogModuleManager: Shutting down and abandoning module WindowsServerTargetPlatform (83)
[2019.05.09-09.23.57:912][553]LogModuleManager: Shutting down and abandoning module WindowsNoEditorTargetPlatform (81)
[2019.05.09-09.23.57:912][553]LogModuleManager: Shutting down and abandoning module WindowsClientTargetPlatform (79)
[2019.05.09-09.23.57:912][553]LogModuleManager: Shutting down and abandoning module MacTargetPlatform (77)
[2019.05.09-09.23.57:912][553]LogModuleManager: Shutting down and abandoning module MacServerTargetPlatform (75)
[2019.05.09-09.23.57:912][553]LogModuleManager: Shutting down and abandoning module MacNoEditorTargetPlatform (73)
[2019.05.09-09.23.57:912][553]LogModuleManager: Shutting down and abandoning module MacClientTargetPlatform (71)
[2019.05.09-09.23.57:912][553]LogModuleManager: Shutting down and abandoning module AllDesktopTargetPlatform (69)
[2019.05.09-09.23.57:912][553]LogModuleManager: Shutting down and abandoning module InputCore (66)
[2019.05.09-09.23.57:912][553]LogModuleManager: Shutting down and abandoning module Settings (64)
[2019.05.09-09.23.57:912][553]LogModuleManager: Shutting down and abandoning module PhysXCooking (62)
[2019.05.09-09.23.57:912][553]LogModuleManager: Shutting down and abandoning module SteamVR (60)
[2019.05.09-09.23.57:913][553]LogModuleManager: Shutting down and abandoning module OculusHMD (58)
[2019.05.09-09.23.57:913][553]LogModuleManager: Shutting down and abandoning module ExampleDeviceProfileSelector (56)
[2019.05.09-09.23.57:913][553]LogModuleManager: Shutting down and abandoning module AppleARKit (54)
[2019.05.09-09.23.57:913][553]LogModuleManager: Shutting down and abandoning module AugmentedReality (51)
[2019.05.09-09.23.57:913][553]LogModuleManager: Shutting down and abandoning module OnlineBlueprintSupport (48)
[2019.05.09-09.23.57:913][553]LogModuleManager: Shutting down and abandoning module OnlineSubsystem (44)
[2019.05.09-09.23.57:935][553]LogModuleManager: Shutting down and abandoning module XMPP (43)
[2019.05.09-09.23.57:936][553]LogModuleManager: Shutting down and abandoning module HTTP (41)
[2019.05.09-09.23.57:936][553]LogHttp: Display: Http module shutting down, but needs to wait on 1 outstanding Http requests:
[2019.05.09-09.23.57:936][553]LogHttp: Display: 	verb=[POST] url=[https://datarouter.ol.epicgames.com/datarouter/api/v1/public/data?SessionID=%7B30B88156-4626-9B4F-7175-4DB7654018E8%7D&AppID=UEEditor.Rocket.Release&AppVersion=4.19.2-4033788%2B%2B%2BUE4%2BRelease-4.19&UserID=3d8ac2ac452fc1aef24fc9814cab2c7f%7C48dab6f45d2241e99cdf79e2df272a0f%7Cc6d019da-0d34-413e-a08e-90d097d32377&AppEnvironment=datacollector-binary&UploadType=eteventstream] status=Processing
[2019.05.09-09.23.57:969][553]LogModuleManager: Shutting down and abandoning module SSL (40)
[2019.05.09-09.23.57:970][553]LogModuleManager: Shutting down and abandoning module AnimationModifiers (36)
[2019.05.09-09.23.57:970][553]LogModuleManager: Shutting down and abandoning module PropertyEditor (35)
[2019.05.09-09.23.57:970][553]LogModuleManager: Shutting down and abandoning module AudioEditor (32)
[2019.05.09-09.23.57:970][553]LogModuleManager: Shutting down and abandoning module TextureCompressor (30)
[2019.05.09-09.23.57:970][553]LogModuleManager: Shutting down and abandoning module ShaderCore (28)
[2019.05.09-09.23.57:970][553]LogModuleManager: Shutting down and abandoning module Landscape (26)
[2019.05.09-09.23.57:970][553]LogModuleManager: Shutting down and abandoning module SlateRHIRenderer (24)
[2019.05.09-09.23.57:987][553]LogModuleManager: Shutting down and abandoning module OpenGLDrv (22)
[2019.05.09-09.23.57:987][553]LogModuleManager: Shutting down and abandoning module D3D11RHI (20)
[2019.05.09-09.23.57:987][553]LogModuleManager: Shutting down and abandoning module AnimGraphRuntime (18)
[2019.05.09-09.23.57:987][553]LogModuleManager: Shutting down and abandoning module Renderer (16)
[2019.05.09-09.23.57:987][553]LogModuleManager: Shutting down and abandoning module Engine (14)
[2019.05.09-09.23.57:987][553]LogModuleManager: Shutting down and abandoning module CoreUObject (12)
[2019.05.09-09.23.57:987][553]LogModuleManager: Shutting down and abandoning module NetworkFile (10)
[2019.05.09-09.23.57:988][553]LogModuleManager: Shutting down and abandoning module CookedIterativeFile (8)
[2019.05.09-09.23.57:988][553]LogModuleManager: Shutting down and abandoning module StreamingFile (6)
[2019.05.09-09.23.57:988][553]LogModuleManager: Shutting down and abandoning module SandboxFile (4)
[2019.05.09-09.23.57:988][553]LogModuleManager: Shutting down and abandoning module PakFile (2)
[2019.05.09-09.23.57:994][553]LogExit: Exiting.
[2019.05.09-09.23.57:999][553]Log file closed, 05/09/19 17:23:57
